Namespace(bidirection=True, checkpoint='checkpoint', crf=True, epoch=100, gpu=['1'], seed=1, weighted_tag=False)
word table length: 55004

----------- Epoch: 0 / 100  -----------
Iter  0    loss: tensor([510.6261], device='cuda:0', grad_fn=<AddBackward0>)
Iter  100    loss: tensor([121.8911], device='cuda:0', grad_fn=<DivBackward0>)
Iter  200    loss: tensor([90.7168], device='cuda:0', grad_fn=<DivBackward0>)
Iter  300    loss: tensor([77.9417], device='cuda:0', grad_fn=<DivBackward0>)
Iter  400    loss: tensor([73.5539], device='cuda:0', grad_fn=<DivBackward0>)
Iter  500    loss: tensor([60.7742], device='cuda:0', grad_fn=<DivBackward0>)
Iter  600    loss: tensor([58.8834], device='cuda:0', grad_fn=<DivBackward0>)
Iter  700    loss: tensor([46.1309], device='cuda:0', grad_fn=<DivBackward0>)
Iter  800    loss: tensor([55.7887], device='cuda:0', grad_fn=<DivBackward0>)
Iter  900    loss: tensor([48.5034], device='cuda:0', grad_fn=<DivBackward0>)
Iter  1000    loss: tensor([45.0919], device='cuda:0', grad_fn=<DivBackward0>)
Iter  1100    loss: tensor([43.5777], device='cuda:0', grad_fn=<DivBackward0>)
Iter  1200    loss: tensor([51.3642], device='cuda:0', grad_fn=<DivBackward0>)
Iter  1300    loss: tensor([41.4772], device='cuda:0', grad_fn=<DivBackward0>)
Iter  1400    loss: tensor([34.9162], device='cuda:0', grad_fn=<DivBackward0>)
Iter  1500    loss: tensor([36.1167], device='cuda:0', grad_fn=<DivBackward0>)
Iter  1600    loss: tensor([37.9217], device='cuda:0', grad_fn=<DivBackward0>)
Iter  1700    loss: tensor([42.2534], device='cuda:0', grad_fn=<DivBackward0>)
Iter  1800    loss: tensor([31.9519], device='cuda:0', grad_fn=<DivBackward0>)
Iter  1900    loss: tensor([36.1208], device='cuda:0', grad_fn=<DivBackward0>)
Iter  2000    loss: tensor([35.2813], device='cuda:0', grad_fn=<DivBackward0>)
Iter  2100    loss: tensor([33.4746], device='cuda:0', grad_fn=<DivBackward0>)
Iter  2200    loss: tensor([36.1357], device='cuda:0', grad_fn=<DivBackward0>)
Iter  2300    loss: tensor([40.3496], device='cuda:0', grad_fn=<DivBackward0>)
Iter  2400    loss: tensor([34.1593], device='cuda:0', grad_fn=<DivBackward0>)
Iter  2500    loss: tensor([33.7148], device='cuda:0', grad_fn=<DivBackward0>)
Iter  2600    loss: tensor([28.7867], device='cuda:0', grad_fn=<DivBackward0>)
Iter  2700    loss: tensor([29.4607], device='cuda:0', grad_fn=<DivBackward0>)
Iter  2800    loss: tensor([29.1076], device='cuda:0', grad_fn=<DivBackward0>)
Iter  2900    loss: tensor([31.2747], device='cuda:0', grad_fn=<DivBackward0>)
Iter  3000    loss: tensor([27.2817], device='cuda:0', grad_fn=<DivBackward0>)
Iter  3100    loss: tensor([31.0921], device='cuda:0', grad_fn=<DivBackward0>)
Iter  3200    loss: tensor([32.3988], device='cuda:0', grad_fn=<DivBackward0>)
Iter  3300    loss: tensor([25.0662], device='cuda:0', grad_fn=<DivBackward0>)
Iter  3400    loss: tensor([25.1649], device='cuda:0', grad_fn=<DivBackward0>)
Iter  3500    loss: tensor([24.9739], device='cuda:0', grad_fn=<DivBackward0>)
Iter  3600    loss: tensor([27.6750], device='cuda:0', grad_fn=<DivBackward0>)
Iter  3700    loss: tensor([29.1106], device='cuda:0', grad_fn=<DivBackward0>)
Iter  3800    loss: tensor([27.5351], device='cuda:0', grad_fn=<DivBackward0>)
Iter  3900    loss: tensor([30.5430], device='cuda:0', grad_fn=<DivBackward0>)
Iter  4000    loss: tensor([26.0582], device='cuda:0', grad_fn=<DivBackward0>)
Iter  4100    loss: tensor([30.1097], device='cuda:0', grad_fn=<DivBackward0>)
Iter  4200    loss: tensor([27.0413], device='cuda:0', grad_fn=<DivBackward0>)
Iter  4300    loss: tensor([28.1485], device='cuda:0', grad_fn=<DivBackward0>)
Iter  4400    loss: tensor([18.2139], device='cuda:0', grad_fn=<DivBackward0>)
Iter  4500    loss: tensor([21.8752], device='cuda:0', grad_fn=<DivBackward0>)
Iter  4600    loss: tensor([28.5009], device='cuda:0', grad_fn=<DivBackward0>)
Iter  4700    loss: tensor([25.9618], device='cuda:0', grad_fn=<DivBackward0>)
Iter  4800    loss: tensor([21.7254], device='cuda:0', grad_fn=<DivBackward0>)
Iter  4900    loss: tensor([27.4665], device='cuda:0', grad_fn=<DivBackward0>)
Iter  5000    loss: tensor([23.1682], device='cuda:0', grad_fn=<DivBackward0>)
Iter  5100    loss: tensor([19.2510], device='cuda:0', grad_fn=<DivBackward0>)
Iter  5200    loss: tensor([22.5809], device='cuda:0', grad_fn=<DivBackward0>)
Iter  5300    loss: tensor([22.3608], device='cuda:0', grad_fn=<DivBackward0>)
Iter  5400    loss: tensor([20.0501], device='cuda:0', grad_fn=<DivBackward0>)
Iter  5500    loss: tensor([20.3560], device='cuda:0', grad_fn=<DivBackward0>)
Iter  5600    loss: tensor([23.4438], device='cuda:0', grad_fn=<DivBackward0>)
Iter  5700    loss: tensor([25.3936], device='cuda:0', grad_fn=<DivBackward0>)
Iter  5800    loss: tensor([20.6214], device='cuda:0', grad_fn=<DivBackward0>)
Iter  5900    loss: tensor([25.6581], device='cuda:0', grad_fn=<DivBackward0>)
Iter  6000    loss: tensor([21.1098], device='cuda:0', grad_fn=<DivBackward0>)
Iter  6100    loss: tensor([23.5276], device='cuda:0', grad_fn=<DivBackward0>)
Iter  6200    loss: tensor([19.9828], device='cuda:0', grad_fn=<DivBackward0>)
Iter  6300    loss: tensor([19.0276], device='cuda:0', grad_fn=<DivBackward0>)
Iter  6400    loss: tensor([24.8881], device='cuda:0', grad_fn=<DivBackward0>)
Iter  6500    loss: tensor([20.7742], device='cuda:0', grad_fn=<DivBackward0>)
Iter  6600    loss: tensor([22.6278], device='cuda:0', grad_fn=<DivBackward0>)
Iter  6700    loss: tensor([19.6948], device='cuda:0', grad_fn=<DivBackward0>)
Iter  6800    loss: tensor([23.8178], device='cuda:0', grad_fn=<DivBackward0>)
Iter  6900    loss: tensor([24.5651], device='cuda:0', grad_fn=<DivBackward0>)
Iter  7000    loss: tensor([18.9218], device='cuda:0', grad_fn=<DivBackward0>)
Iter  7100    loss: tensor([22.4765], device='cuda:0', grad_fn=<DivBackward0>)
Iter  7200    loss: tensor([22.5772], device='cuda:0', grad_fn=<DivBackward0>)
Iter  7300    loss: tensor([23.8831], device='cuda:0', grad_fn=<DivBackward0>)
Iter  7400    loss: tensor([19.2459], device='cuda:0', grad_fn=<DivBackward0>)
Iter  7500    loss: tensor([22.4115], device='cuda:0', grad_fn=<DivBackward0>)
Iter  7600    loss: tensor([23.1675], device='cuda:0', grad_fn=<DivBackward0>)
Iter  7700    loss: tensor([17.7379], device='cuda:0', grad_fn=<DivBackward0>)
Iter  7800    loss: tensor([21.4015], device='cuda:0', grad_fn=<DivBackward0>)
Iter  7900    loss: tensor([20.5977], device='cuda:0', grad_fn=<DivBackward0>)
Iter  8000    loss: tensor([23.5217], device='cuda:0', grad_fn=<DivBackward0>)
Iter  8100    loss: tensor([23.5546], device='cuda:0', grad_fn=<DivBackward0>)
Iter  8200    loss: tensor([19.2186], device='cuda:0', grad_fn=<DivBackward0>)
Iter  8300    loss: tensor([26.7607], device='cuda:0', grad_fn=<DivBackward0>)
Iter  8400    loss: tensor([23.1427], device='cuda:0', grad_fn=<DivBackward0>)
Iter  8500    loss: tensor([21.9425], device='cuda:0', grad_fn=<DivBackward0>)
Iter  8600    loss: tensor([18.2774], device='cuda:0', grad_fn=<DivBackward0>)
Iter  8700    loss: tensor([21.1447], device='cuda:0', grad_fn=<DivBackward0>)
Iter  8800    loss: tensor([19.7702], device='cuda:0', grad_fn=<DivBackward0>)
Iter  8900    loss: tensor([18.6077], device='cuda:0', grad_fn=<DivBackward0>)
Iter  9000    loss: tensor([17.5347], device='cuda:0', grad_fn=<DivBackward0>)
Iter  9100    loss: tensor([18.6797], device='cuda:0', grad_fn=<DivBackward0>)
Iter  9200    loss: tensor([24.5522], device='cuda:0', grad_fn=<DivBackward0>)
Iter  9300    loss: tensor([16.8919], device='cuda:0', grad_fn=<DivBackward0>)
Iter  9400    loss: tensor([19.3589], device='cuda:0', grad_fn=<DivBackward0>)
Iter  9500    loss: tensor([18.9484], device='cuda:0', grad_fn=<DivBackward0>)
Iter  9600    loss: tensor([21.0939], device='cuda:0', grad_fn=<DivBackward0>)
Iter  9700    loss: tensor([17.2902], device='cuda:0', grad_fn=<DivBackward0>)
Iter  9800    loss: tensor([21.3290], device='cuda:0', grad_fn=<DivBackward0>)
Iter  9900    loss: tensor([18.9496], device='cuda:0', grad_fn=<DivBackward0>)
Iter  10000    loss: tensor([19.4631], device='cuda:0', grad_fn=<DivBackward0>)
Iter  10100    loss: tensor([20.3417], device='cuda:0', grad_fn=<DivBackward0>)
Iter  10200    loss: tensor([18.4304], device='cuda:0', grad_fn=<DivBackward0>)
Iter  10300    loss: tensor([24.1559], device='cuda:0', grad_fn=<DivBackward0>)
Iter  10400    loss: tensor([22.6832], device='cuda:0', grad_fn=<DivBackward0>)
Iter  10500    loss: tensor([20.3699], device='cuda:0', grad_fn=<DivBackward0>)
Iter  10600    loss: tensor([23.0020], device='cuda:0', grad_fn=<DivBackward0>)
Iter  10700    loss: tensor([22.0190], device='cuda:0', grad_fn=<DivBackward0>)
Iter  10800    loss: tensor([18.4170], device='cuda:0', grad_fn=<DivBackward0>)
Iter  10900    loss: tensor([18.2435], device='cuda:0', grad_fn=<DivBackward0>)
Iter  11000    loss: tensor([18.1982], device='cuda:0', grad_fn=<DivBackward0>)
Iter  11100    loss: tensor([18.6616], device='cuda:0', grad_fn=<DivBackward0>)
Iter  11200    loss: tensor([19.4630], device='cuda:0', grad_fn=<DivBackward0>)
Iter  11300    loss: tensor([15.1464], device='cuda:0', grad_fn=<DivBackward0>)
Iter  11400    loss: tensor([17.2353], device='cuda:0', grad_fn=<DivBackward0>)
Iter  11500    loss: tensor([24.2854], device='cuda:0', grad_fn=<DivBackward0>)
Iter  11600    loss: tensor([18.6102], device='cuda:0', grad_fn=<DivBackward0>)
Iter  11700    loss: tensor([21.2578], device='cuda:0', grad_fn=<DivBackward0>)
Iter  11800    loss: tensor([17.0451], device='cuda:0', grad_fn=<DivBackward0>)
Iter  11900    loss: tensor([19.7138], device='cuda:0', grad_fn=<DivBackward0>)
Iter  12000    loss: tensor([16.1603], device='cuda:0', grad_fn=<DivBackward0>)
Iter  12100    loss: tensor([19.6954], device='cuda:0', grad_fn=<DivBackward0>)
Iter  12200    loss: tensor([17.6844], device='cuda:0', grad_fn=<DivBackward0>)
Iter  12300    loss: tensor([14.1339], device='cuda:0', grad_fn=<DivBackward0>)
Iter  12400    loss: tensor([21.6788], device='cuda:0', grad_fn=<DivBackward0>)
Iter  12500    loss: tensor([16.7922], device='cuda:0', grad_fn=<DivBackward0>)
Iter  12600    loss: tensor([14.7910], device='cuda:0', grad_fn=<DivBackward0>)
Iter  12700    loss: tensor([15.9111], device='cuda:0', grad_fn=<DivBackward0>)
Iter  12800    loss: tensor([15.9028], device='cuda:0', grad_fn=<DivBackward0>)
Iter  12900    loss: tensor([21.7455], device='cuda:0', grad_fn=<DivBackward0>)
Iter  13000    loss: tensor([14.9369], device='cuda:0', grad_fn=<DivBackward0>)
Iter  13100    loss: tensor([14.5418], device='cuda:0', grad_fn=<DivBackward0>)
Iter  13200    loss: tensor([15.1299], device='cuda:0', grad_fn=<DivBackward0>)
Iter  13300    loss: tensor([18.0426], device='cuda:0', grad_fn=<DivBackward0>)
Iter  13400    loss: tensor([16.2198], device='cuda:0', grad_fn=<DivBackward0>)
Iter  13500    loss: tensor([16.4885], device='cuda:0', grad_fn=<DivBackward0>)
Iter  13600    loss: tensor([15.2275], device='cuda:0', grad_fn=<DivBackward0>)
Iter  13700    loss: tensor([14.0332], device='cuda:0', grad_fn=<DivBackward0>)
Iter  13800    loss: tensor([17.5367], device='cuda:0', grad_fn=<DivBackward0>)
Iter  13900    loss: tensor([16.1107], device='cuda:0', grad_fn=<DivBackward0>)
Iter  14000    loss: tensor([18.0810], device='cuda:0', grad_fn=<DivBackward0>)
Iter  14100    loss: tensor([18.7509], device='cuda:0', grad_fn=<DivBackward0>)
Iter  14200    loss: tensor([16.1350], device='cuda:0', grad_fn=<DivBackward0>)
Iter  14300    loss: tensor([18.1323], device='cuda:0', grad_fn=<DivBackward0>)
Iter  14400    loss: tensor([22.3871], device='cuda:0', grad_fn=<DivBackward0>)
Iter  14500    loss: tensor([16.7128], device='cuda:0', grad_fn=<DivBackward0>)
Iter  14600    loss: tensor([18.2293], device='cuda:0', grad_fn=<DivBackward0>)
Iter  14700    loss: tensor([14.8385], device='cuda:0', grad_fn=<DivBackward0>)
Iter  14800    loss: tensor([18.3061], device='cuda:0', grad_fn=<DivBackward0>)
Iter  14900    loss: tensor([18.2126], device='cuda:0', grad_fn=<DivBackward0>)
Iter  15000    loss: tensor([16.3915], device='cuda:0', grad_fn=<DivBackward0>)
Iter  15100    loss: tensor([17.3445], device='cuda:0', grad_fn=<DivBackward0>)
Iter  15200    loss: tensor([12.6917], device='cuda:0', grad_fn=<DivBackward0>)
Iter  15300    loss: tensor([25.7367], device='cuda:0', grad_fn=<DivBackward0>)
Iter  15400    loss: tensor([15.4371], device='cuda:0', grad_fn=<DivBackward0>)
Time use: 11248.340375
**********Testing...
The confusion matrix is saved in checkpoint/Con_Matrix.txt
Max accuracy's model is saved in  checkpoint/epoch_max_accuracy.pkl
The confusion matrix is saved in checkpoint/Con_Matrix.txt
Acc: 0.9226390360407276 ( 205516 / 222748 )    Max acc so far: 0.9226390360407276

----------- Epoch: 1 / 100  -----------
Iter  0    loss: tensor([68.1140], device='cuda:0', grad_fn=<AddBackward0>)
Iter  100    loss: tensor([18.0884], device='cuda:0', grad_fn=<DivBackward0>)
Iter  200    loss: tensor([16.1490], device='cuda:0', grad_fn=<DivBackward0>)
Iter  300    loss: tensor([14.9364], device='cuda:0', grad_fn=<DivBackward0>)
Iter  400    loss: tensor([16.4797], device='cuda:0', grad_fn=<DivBackward0>)
Iter  500    loss: tensor([13.7254], device='cuda:0', grad_fn=<DivBackward0>)
Iter  600    loss: tensor([14.6992], device='cuda:0', grad_fn=<DivBackward0>)
Iter  700    loss: tensor([11.6583], device='cuda:0', grad_fn=<DivBackward0>)
Iter  800    loss: tensor([14.4053], device='cuda:0', grad_fn=<DivBackward0>)
Iter  900    loss: tensor([12.7875], device='cuda:0', grad_fn=<DivBackward0>)
Iter  1000    loss: tensor([13.7721], device='cuda:0', grad_fn=<DivBackward0>)
Iter  1100    loss: tensor([14.1058], device='cuda:0', grad_fn=<DivBackward0>)
Iter  1200    loss: tensor([16.2949], device='cuda:0', grad_fn=<DivBackward0>)
Iter  1300    loss: tensor([13.4406], device='cuda:0', grad_fn=<DivBackward0>)
Iter  1400    loss: tensor([13.3000], device='cuda:0', grad_fn=<DivBackward0>)
Iter  1500    loss: tensor([12.6078], device='cuda:0', grad_fn=<DivBackward0>)
Iter  1600    loss: tensor([14.8603], device='cuda:0', grad_fn=<DivBackward0>)
Iter  1700    loss: tensor([14.6907], device='cuda:0', grad_fn=<DivBackward0>)
Iter  1800    loss: tensor([13.3842], device='cuda:0', grad_fn=<DivBackward0>)
Iter  1900    loss: tensor([14.7714], device='cuda:0', grad_fn=<DivBackward0>)
Iter  2000    loss: tensor([13.9487], device='cuda:0', grad_fn=<DivBackward0>)
Iter  2100    loss: tensor([13.7307], device='cuda:0', grad_fn=<DivBackward0>)
Iter  2200    loss: tensor([13.5992], device='cuda:0', grad_fn=<DivBackward0>)
Iter  2300    loss: tensor([18.4664], device='cuda:0', grad_fn=<DivBackward0>)
Iter  2400    loss: tensor([14.3798], device='cuda:0', grad_fn=<DivBackward0>)
Iter  2500    loss: tensor([14.8081], device='cuda:0', grad_fn=<DivBackward0>)
Iter  2600    loss: tensor([12.1959], device='cuda:0', grad_fn=<DivBackward0>)
Iter  2700    loss: tensor([12.8701], device='cuda:0', grad_fn=<DivBackward0>)
Iter  2800    loss: tensor([13.4425], device='cuda:0', grad_fn=<DivBackward0>)
Iter  2900    loss: tensor([14.3787], device='cuda:0', grad_fn=<DivBackward0>)
Iter  3000    loss: tensor([12.9473], device='cuda:0', grad_fn=<DivBackward0>)
Iter  3100    loss: tensor([14.9882], device='cuda:0', grad_fn=<DivBackward0>)
Iter  3200    loss: tensor([14.8524], device='cuda:0', grad_fn=<DivBackward0>)
Iter  3300    loss: tensor([11.5895], device='cuda:0', grad_fn=<DivBackward0>)
Iter  3400    loss: tensor([12.1427], device='cuda:0', grad_fn=<DivBackward0>)
Iter  3500    loss: tensor([12.3775], device='cuda:0', grad_fn=<DivBackward0>)
Iter  3600    loss: tensor([13.4078], device='cuda:0', grad_fn=<DivBackward0>)
Iter  3700    loss: tensor([14.5529], device='cuda:0', grad_fn=<DivBackward0>)
Iter  3800    loss: tensor([12.7417], device='cuda:0', grad_fn=<DivBackward0>)
Iter  3900    loss: tensor([15.4424], device='cuda:0', grad_fn=<DivBackward0>)
Iter  4000    loss: tensor([11.7089], device='cuda:0', grad_fn=<DivBackward0>)
Iter  4100    loss: tensor([14.9966], device='cuda:0', grad_fn=<DivBackward0>)
Iter  4200    loss: tensor([13.6835], device='cuda:0', grad_fn=<DivBackward0>)
Iter  4300    loss: tensor([13.3040], device='cuda:0', grad_fn=<DivBackward0>)
Iter  4400    loss: tensor([8.3523], device='cuda:0', grad_fn=<DivBackward0>)
Iter  4500    loss: tensor([11.2131], device='cuda:0', grad_fn=<DivBackward0>)
Iter  4600    loss: tensor([14.6603], device='cuda:0', grad_fn=<DivBackward0>)
Iter  4700    loss: tensor([12.7770], device='cuda:0', grad_fn=<DivBackward0>)
Iter  4800    loss: tensor([9.9706], device='cuda:0', grad_fn=<DivBackward0>)
Iter  4900    loss: tensor([14.1073], device='cuda:0', grad_fn=<DivBackward0>)
Iter  5000    loss: tensor([11.5654], device='cuda:0', grad_fn=<DivBackward0>)
Iter  5100    loss: tensor([9.3944], device='cuda:0', grad_fn=<DivBackward0>)
Iter  5200    loss: tensor([11.2489], device='cuda:0', grad_fn=<DivBackward0>)
Iter  5300    loss: tensor([11.9554], device='cuda:0', grad_fn=<DivBackward0>)
Iter  5400    loss: tensor([9.8059], device='cuda:0', grad_fn=<DivBackward0>)
Iter  5500    loss: tensor([10.2426], device='cuda:0', grad_fn=<DivBackward0>)
Iter  5600    loss: tensor([12.2364], device='cuda:0', grad_fn=<DivBackward0>)
Iter  5700    loss: tensor([12.3492], device='cuda:0', grad_fn=<DivBackward0>)
Iter  5800    loss: tensor([10.8264], device='cuda:0', grad_fn=<DivBackward0>)
Iter  5900    loss: tensor([14.3025], device='cuda:0', grad_fn=<DivBackward0>)
Iter  6000    loss: tensor([10.6730], device='cuda:0', grad_fn=<DivBackward0>)
Iter  6100    loss: tensor([11.9485], device='cuda:0', grad_fn=<DivBackward0>)
Iter  6200    loss: tensor([10.4010], device='cuda:0', grad_fn=<DivBackward0>)
Iter  6300    loss: tensor([10.3688], device='cuda:0', grad_fn=<DivBackward0>)
Iter  6400    loss: tensor([13.3604], device='cuda:0', grad_fn=<DivBackward0>)
Iter  6500    loss: tensor([11.1147], device='cuda:0', grad_fn=<DivBackward0>)
Iter  6600    loss: tensor([12.8622], device='cuda:0', grad_fn=<DivBackward0>)
Iter  6700    loss: tensor([10.9312], device='cuda:0', grad_fn=<DivBackward0>)
Iter  6800    loss: tensor([12.8921], device='cuda:0', grad_fn=<DivBackward0>)
Iter  6900    loss: tensor([13.3574], device='cuda:0', grad_fn=<DivBackward0>)
Iter  7000    loss: tensor([9.8897], device='cuda:0', grad_fn=<DivBackward0>)
Iter  7100    loss: tensor([12.5667], device='cuda:0', grad_fn=<DivBackward0>)
Iter  7200    loss: tensor([12.2759], device='cuda:0', grad_fn=<DivBackward0>)
Iter  7300    loss: tensor([13.5716], device='cuda:0', grad_fn=<DivBackward0>)
Iter  7400    loss: tensor([11.4637], device='cuda:0', grad_fn=<DivBackward0>)
Iter  7500    loss: tensor([12.6041], device='cuda:0', grad_fn=<DivBackward0>)
Iter  7600    loss: tensor([13.2072], device='cuda:0', grad_fn=<DivBackward0>)
Iter  7700    loss: tensor([9.8513], device='cuda:0', grad_fn=<DivBackward0>)
Iter  7800    loss: tensor([12.2713], device='cuda:0', grad_fn=<DivBackward0>)
Iter  7900    loss: tensor([12.0553], device='cuda:0', grad_fn=<DivBackward0>)
Iter  8000    loss: tensor([12.6118], device='cuda:0', grad_fn=<DivBackward0>)
Iter  8100    loss: tensor([13.5488], device='cuda:0', grad_fn=<DivBackward0>)
Iter  8200    loss: tensor([11.4714], device='cuda:0', grad_fn=<DivBackward0>)
Iter  8300    loss: tensor([16.5961], device='cuda:0', grad_fn=<DivBackward0>)
Iter  8400    loss: tensor([13.4325], device='cuda:0', grad_fn=<DivBackward0>)
Iter  8500    loss: tensor([12.7366], device='cuda:0', grad_fn=<DivBackward0>)
Iter  8600    loss: tensor([10.0860], device='cuda:0', grad_fn=<DivBackward0>)
Iter  8700    loss: tensor([12.7423], device='cuda:0', grad_fn=<DivBackward0>)
Iter  8800    loss: tensor([10.9073], device='cuda:0', grad_fn=<DivBackward0>)
Iter  8900    loss: tensor([10.9629], device='cuda:0', grad_fn=<DivBackward0>)
Iter  9000    loss: tensor([10.2209], device='cuda:0', grad_fn=<DivBackward0>)
Iter  9100    loss: tensor([11.5606], device='cuda:0', grad_fn=<DivBackward0>)
Iter  9200    loss: tensor([14.7563], device='cuda:0', grad_fn=<DivBackward0>)
Iter  9300    loss: tensor([10.0334], device='cuda:0', grad_fn=<DivBackward0>)
Iter  9400    loss: tensor([11.3139], device='cuda:0', grad_fn=<DivBackward0>)
Iter  9500    loss: tensor([11.1563], device='cuda:0', grad_fn=<DivBackward0>)
Iter  9600    loss: tensor([12.1125], device='cuda:0', grad_fn=<DivBackward0>)
Iter  9700    loss: tensor([10.1345], device='cuda:0', grad_fn=<DivBackward0>)
Iter  9800    loss: tensor([13.0581], device='cuda:0', grad_fn=<DivBackward0>)
Iter  9900    loss: tensor([11.6114], device='cuda:0', grad_fn=<DivBackward0>)
Iter  10000    loss: tensor([11.6449], device='cuda:0', grad_fn=<DivBackward0>)
Iter  10100    loss: tensor([12.2302], device='cuda:0', grad_fn=<DivBackward0>)
Iter  10200    loss: tensor([10.8540], device='cuda:0', grad_fn=<DivBackward0>)
Iter  10300    loss: tensor([14.5098], device='cuda:0', grad_fn=<DivBackward0>)
Iter  10400    loss: tensor([13.1155], device='cuda:0', grad_fn=<DivBackward0>)
Iter  10500    loss: tensor([12.3980], device='cuda:0', grad_fn=<DivBackward0>)
Iter  10600    loss: tensor([13.5043], device='cuda:0', grad_fn=<DivBackward0>)
Iter  10700    loss: tensor([13.5256], device='cuda:0', grad_fn=<DivBackward0>)
Iter  10800    loss: tensor([11.6619], device='cuda:0', grad_fn=<DivBackward0>)
Iter  10900    loss: tensor([11.4223], device='cuda:0', grad_fn=<DivBackward0>)
Iter  11000    loss: tensor([10.8228], device='cuda:0', grad_fn=<DivBackward0>)
Iter  11100    loss: tensor([11.8986], device='cuda:0', grad_fn=<DivBackward0>)
Iter  11200    loss: tensor([11.2539], device='cuda:0', grad_fn=<DivBackward0>)
Iter  11300    loss: tensor([9.1439], device='cuda:0', grad_fn=<DivBackward0>)
Iter  11400    loss: tensor([10.4857], device='cuda:0', grad_fn=<DivBackward0>)
Iter  11500    loss: tensor([14.7169], device='cuda:0', grad_fn=<DivBackward0>)
Iter  11600    loss: tensor([11.6097], device='cuda:0', grad_fn=<DivBackward0>)
Iter  11700    loss: tensor([13.8673], device='cuda:0', grad_fn=<DivBackward0>)
Iter  11800    loss: tensor([10.3795], device='cuda:0', grad_fn=<DivBackward0>)
Iter  11900    loss: tensor([12.5612], device='cuda:0', grad_fn=<DivBackward0>)
Iter  12000    loss: tensor([9.7835], device='cuda:0', grad_fn=<DivBackward0>)
Iter  12100    loss: tensor([12.1984], device='cuda:0', grad_fn=<DivBackward0>)
Iter  12200    loss: tensor([10.3264], device='cuda:0', grad_fn=<DivBackward0>)
Iter  12300    loss: tensor([8.2623], device='cuda:0', grad_fn=<DivBackward0>)
Iter  12400    loss: tensor([13.9711], device='cuda:0', grad_fn=<DivBackward0>)
Iter  12500    loss: tensor([10.8217], device='cuda:0', grad_fn=<DivBackward0>)
Iter  12600    loss: tensor([9.2476], device='cuda:0', grad_fn=<DivBackward0>)
Iter  12700    loss: tensor([9.9756], device='cuda:0', grad_fn=<DivBackward0>)
Iter  12800    loss: tensor([10.0444], device='cuda:0', grad_fn=<DivBackward0>)
Iter  12900    loss: tensor([13.3362], device='cuda:0', grad_fn=<DivBackward0>)
Iter  13000    loss: tensor([9.5235], device='cuda:0', grad_fn=<DivBackward0>)
Iter  13100    loss: tensor([8.5732], device='cuda:0', grad_fn=<DivBackward0>)
Iter  13200    loss: tensor([9.4205], device='cuda:0', grad_fn=<DivBackward0>)
Iter  13300    loss: tensor([11.6278], device='cuda:0', grad_fn=<DivBackward0>)
Iter  13400    loss: tensor([9.3433], device='cuda:0', grad_fn=<DivBackward0>)
Iter  13500    loss: tensor([10.0336], device='cuda:0', grad_fn=<DivBackward0>)
Iter  13600    loss: tensor([9.9984], device='cuda:0', grad_fn=<DivBackward0>)
Iter  13700    loss: tensor([8.7643], device='cuda:0', grad_fn=<DivBackward0>)
Iter  13800    loss: tensor([11.2120], device='cuda:0', grad_fn=<DivBackward0>)
Iter  13900    loss: tensor([9.6198], device='cuda:0', grad_fn=<DivBackward0>)
Iter  14000    loss: tensor([10.4872], device='cuda:0', grad_fn=<DivBackward0>)
Iter  14100    loss: tensor([12.2986], device='cuda:0', grad_fn=<DivBackward0>)
Iter  14200    loss: tensor([10.6389], device='cuda:0', grad_fn=<DivBackward0>)
Iter  14300    loss: tensor([11.3486], device='cuda:0', grad_fn=<DivBackward0>)
Iter  14400    loss: tensor([15.1789], device='cuda:0', grad_fn=<DivBackward0>)
Iter  14500    loss: tensor([10.7149], device='cuda:0', grad_fn=<DivBackward0>)
Iter  14600    loss: tensor([11.4624], device='cuda:0', grad_fn=<DivBackward0>)
Iter  14700    loss: tensor([9.5301], device='cuda:0', grad_fn=<DivBackward0>)
Iter  14800    loss: tensor([11.2422], device='cuda:0', grad_fn=<DivBackward0>)
Iter  14900    loss: tensor([12.3555], device='cuda:0', grad_fn=<DivBackward0>)
Iter  15000    loss: tensor([10.5421], device='cuda:0', grad_fn=<DivBackward0>)
Iter  15100    loss: tensor([11.3210], device='cuda:0', grad_fn=<DivBackward0>)
Iter  15200    loss: tensor([7.8741], device='cuda:0', grad_fn=<DivBackward0>)
Iter  15300    loss: tensor([17.0777], device='cuda:0', grad_fn=<DivBackward0>)
Iter  15400    loss: tensor([9.4012], device='cuda:0', grad_fn=<DivBackward0>)
Time use: 10586.693340999998
**********Testing...
The confusion matrix is saved in checkpoint/Con_Matrix.txt
Max accuracy's model is saved in  checkpoint/epoch_max_accuracy.pkl
The confusion matrix is saved in checkpoint/Con_Matrix.txt
Acc: 0.9389354786574964 ( 209146 / 222748 )    Max acc so far: 0.9389354786574964

----------- Epoch: 2 / 100  -----------
Iter  0    loss: tensor([47.8860], device='cuda:0', grad_fn=<AddBackward0>)
Iter  100    loss: tensor([11.8887], device='cuda:0', grad_fn=<DivBackward0>)
Iter  200    loss: tensor([10.8967], device='cuda:0', grad_fn=<DivBackward0>)
Iter  300    loss: tensor([9.6966], device='cuda:0', grad_fn=<DivBackward0>)
Iter  400    loss: tensor([11.2492], device='cuda:0', grad_fn=<DivBackward0>)
Iter  500    loss: tensor([8.5730], device='cuda:0', grad_fn=<DivBackward0>)
Iter  600    loss: tensor([10.0310], device='cuda:0', grad_fn=<DivBackward0>)
Iter  700    loss: tensor([7.4061], device='cuda:0', grad_fn=<DivBackward0>)
Iter  800    loss: tensor([9.3143], device='cuda:0', grad_fn=<DivBackward0>)
Iter  900    loss: tensor([7.8094], device='cuda:0', grad_fn=<DivBackward0>)
Iter  1000    loss: tensor([9.0891], device='cuda:0', grad_fn=<DivBackward0>)
Iter  1100    loss: tensor([8.9296], device='cuda:0', grad_fn=<DivBackward0>)
Iter  1200    loss: tensor([10.4611], device='cuda:0', grad_fn=<DivBackward0>)
Iter  1300    loss: tensor([8.5292], device='cuda:0', grad_fn=<DivBackward0>)
Iter  1400    loss: tensor([8.9197], device='cuda:0', grad_fn=<DivBackward0>)
Iter  1500    loss: tensor([8.6328], device='cuda:0', grad_fn=<DivBackward0>)
Iter  1600    loss: tensor([10.3228], device='cuda:0', grad_fn=<DivBackward0>)
Iter  1700    loss: tensor([9.4934], device='cuda:0', grad_fn=<DivBackward0>)
Iter  1800    loss: tensor([8.9110], device='cuda:0', grad_fn=<DivBackward0>)
Iter  1900    loss: tensor([9.9484], device='cuda:0', grad_fn=<DivBackward0>)
Iter  2000    loss: tensor([9.5030], device='cuda:0', grad_fn=<DivBackward0>)
Iter  2100    loss: tensor([9.1996], device='cuda:0', grad_fn=<DivBackward0>)
Iter  2200    loss: tensor([8.6848], device='cuda:0', grad_fn=<DivBackward0>)
Iter  2300    loss: tensor([12.1659], device='cuda:0', grad_fn=<DivBackward0>)
Iter  2400    loss: tensor([9.4895], device='cuda:0', grad_fn=<DivBackward0>)
Iter  2500    loss: tensor([9.9192], device='cuda:0', grad_fn=<DivBackward0>)
Iter  2600    loss: tensor([8.1433], device='cuda:0', grad_fn=<DivBackward0>)
Iter  2700    loss: tensor([8.0849], device='cuda:0', grad_fn=<DivBackward0>)
Iter  2800    loss: tensor([9.2334], device='cuda:0', grad_fn=<DivBackward0>)
Iter  2900    loss: tensor([9.2126], device='cuda:0', grad_fn=<DivBackward0>)
Iter  3000    loss: tensor([9.0774], device='cuda:0', grad_fn=<DivBackward0>)
Iter  3100    loss: tensor([10.0461], device='cuda:0', grad_fn=<DivBackward0>)
Iter  3200    loss: tensor([10.1423], device='cuda:0', grad_fn=<DivBackward0>)
Iter  3300    loss: tensor([7.9661], device='cuda:0', grad_fn=<DivBackward0>)
Iter  3400    loss: tensor([8.4939], device='cuda:0', grad_fn=<DivBackward0>)
Iter  3500    loss: tensor([8.0375], device='cuda:0', grad_fn=<DivBackward0>)
Iter  3600    loss: tensor([9.1401], device='cuda:0', grad_fn=<DivBackward0>)
Iter  3700    loss: tensor([10.1050], device='cuda:0', grad_fn=<DivBackward0>)
Iter  3800    loss: tensor([8.7081], device='cuda:0', grad_fn=<DivBackward0>)
Iter  3900    loss: tensor([10.9069], device='cuda:0', grad_fn=<DivBackward0>)
Iter  4000    loss: tensor([7.8855], device='cuda:0', grad_fn=<DivBackward0>)
Iter  4100    loss: tensor([10.2667], device='cuda:0', grad_fn=<DivBackward0>)
Iter  4200    loss: tensor([9.4316], device='cuda:0', grad_fn=<DivBackward0>)
Iter  4300    loss: tensor([9.0591], device='cuda:0', grad_fn=<DivBackward0>)
Iter  4400    loss: tensor([5.5339], device='cuda:0', grad_fn=<DivBackward0>)
Iter  4500    loss: tensor([7.5512], device='cuda:0', grad_fn=<DivBackward0>)
Iter  4600    loss: tensor([10.0362], device='cuda:0', grad_fn=<DivBackward0>)
Iter  4700    loss: tensor([9.2173], device='cuda:0', grad_fn=<DivBackward0>)
Iter  4800    loss: tensor([6.3624], device='cuda:0', grad_fn=<DivBackward0>)
Iter  4900    loss: tensor([9.5046], device='cuda:0', grad_fn=<DivBackward0>)
Iter  5000    loss: tensor([7.7318], device='cuda:0', grad_fn=<DivBackward0>)
Iter  5100    loss: tensor([5.8691], device='cuda:0', grad_fn=<DivBackward0>)
Iter  5200    loss: tensor([7.6662], device='cuda:0', grad_fn=<DivBackward0>)
Iter  5300    loss: tensor([7.7242], device='cuda:0', grad_fn=<DivBackward0>)
Iter  5400    loss: tensor([6.3620], device='cuda:0', grad_fn=<DivBackward0>)
Iter  5500    loss: tensor([7.0766], device='cuda:0', grad_fn=<DivBackward0>)
Iter  5600    loss: tensor([7.9579], device='cuda:0', grad_fn=<DivBackward0>)
Iter  5700    loss: tensor([8.0998], device='cuda:0', grad_fn=<DivBackward0>)
Iter  5800    loss: tensor([7.4323], device='cuda:0', grad_fn=<DivBackward0>)
Iter  5900    loss: tensor([9.6142], device='cuda:0', grad_fn=<DivBackward0>)
Iter  6000    loss: tensor([7.3219], device='cuda:0', grad_fn=<DivBackward0>)
Iter  6100    loss: tensor([7.9754], device='cuda:0', grad_fn=<DivBackward0>)
Iter  6200    loss: tensor([6.5077], device='cuda:0', grad_fn=<DivBackward0>)
Iter  6300    loss: tensor([6.7112], device='cuda:0', grad_fn=<DivBackward0>)
Iter  6400    loss: tensor([9.6122], device='cuda:0', grad_fn=<DivBackward0>)
Iter  6500    loss: tensor([6.7399], device='cuda:0', grad_fn=<DivBackward0>)
Iter  6600    loss: tensor([8.4224], device='cuda:0', grad_fn=<DivBackward0>)
Iter  6700    loss: tensor([7.8776], device='cuda:0', grad_fn=<DivBackward0>)
Iter  6800    loss: tensor([9.1879], device='cuda:0', grad_fn=<DivBackward0>)
Iter  6900    loss: tensor([9.3877], device='cuda:0', grad_fn=<DivBackward0>)
Iter  7000    loss: tensor([6.9073], device='cuda:0', grad_fn=<DivBackward0>)
Iter  7100    loss: tensor([8.2874], device='cuda:0', grad_fn=<DivBackward0>)
Iter  7200    loss: tensor([8.3019], device='cuda:0', grad_fn=<DivBackward0>)
Iter  7300    loss: tensor([9.9720], device='cuda:0', grad_fn=<DivBackward0>)
Iter  7400    loss: tensor([7.8913], device='cuda:0', grad_fn=<DivBackward0>)
Iter  7500    loss: tensor([8.4123], device='cuda:0', grad_fn=<DivBackward0>)
Iter  7600    loss: tensor([9.3168], device='cuda:0', grad_fn=<DivBackward0>)
Iter  7700    loss: tensor([6.6335], device='cuda:0', grad_fn=<DivBackward0>)
Iter  7800    loss: tensor([8.4150], device='cuda:0', grad_fn=<DivBackward0>)
Iter  7900    loss: tensor([8.2992], device='cuda:0', grad_fn=<DivBackward0>)
Iter  8000    loss: tensor([8.4916], device='cuda:0', grad_fn=<DivBackward0>)
Iter  8100    loss: tensor([9.2202], device='cuda:0', grad_fn=<DivBackward0>)
Iter  8200    loss: tensor([8.2353], device='cuda:0', grad_fn=<DivBackward0>)
Iter  8300    loss: tensor([11.5693], device='cuda:0', grad_fn=<DivBackward0>)
Iter  8400    loss: tensor([9.0840], device='cuda:0', grad_fn=<DivBackward0>)
Iter  8500    loss: tensor([8.8089], device='cuda:0', grad_fn=<DivBackward0>)
Iter  8600    loss: tensor([6.7447], device='cuda:0', grad_fn=<DivBackward0>)
Iter  8700    loss: tensor([8.4718], device='cuda:0', grad_fn=<DivBackward0>)
Iter  8800    loss: tensor([7.6083], device='cuda:0', grad_fn=<DivBackward0>)
Iter  8900    loss: tensor([7.0925], device='cuda:0', grad_fn=<DivBackward0>)
Iter  9000    loss: tensor([7.0352], device='cuda:0', grad_fn=<DivBackward0>)
Iter  9100    loss: tensor([8.0771], device='cuda:0', grad_fn=<DivBackward0>)
Iter  9200    loss: tensor([9.9611], device='cuda:0', grad_fn=<DivBackward0>)
Iter  9300    loss: tensor([6.8522], device='cuda:0', grad_fn=<DivBackward0>)
Iter  9400    loss: tensor([7.5509], device='cuda:0', grad_fn=<DivBackward0>)
Iter  9500    loss: tensor([7.0345], device='cuda:0', grad_fn=<DivBackward0>)
Iter  9600    loss: tensor([8.0739], device='cuda:0', grad_fn=<DivBackward0>)
Iter  9700    loss: tensor([6.7921], device='cuda:0', grad_fn=<DivBackward0>)
Iter  9800    loss: tensor([8.6944], device='cuda:0', grad_fn=<DivBackward0>)
Iter  9900    loss: tensor([8.6570], device='cuda:0', grad_fn=<DivBackward0>)
Iter  10000    loss: tensor([7.5957], device='cuda:0', grad_fn=<DivBackward0>)
Iter  10100    loss: tensor([8.5190], device='cuda:0', grad_fn=<DivBackward0>)
Iter  10200    loss: tensor([7.3650], device='cuda:0', grad_fn=<DivBackward0>)
Iter  10300    loss: tensor([10.1915], device='cuda:0', grad_fn=<DivBackward0>)
Iter  10400    loss: tensor([9.5479], device='cuda:0', grad_fn=<DivBackward0>)
Iter  10500    loss: tensor([8.4992], device='cuda:0', grad_fn=<DivBackward0>)
Iter  10600    loss: tensor([9.0669], device='cuda:0', grad_fn=<DivBackward0>)
Iter  10700    loss: tensor([9.3943], device='cuda:0', grad_fn=<DivBackward0>)
Iter  10800    loss: tensor([8.2200], device='cuda:0', grad_fn=<DivBackward0>)
Iter  10900    loss: tensor([8.0337], device='cuda:0', grad_fn=<DivBackward0>)
Iter  11000    loss: tensor([6.9552], device='cuda:0', grad_fn=<DivBackward0>)
Iter  11100    loss: tensor([8.0728], device='cuda:0', grad_fn=<DivBackward0>)
Iter  11200    loss: tensor([7.8517], device='cuda:0', grad_fn=<DivBackward0>)
Iter  11300    loss: tensor([6.5016], device='cuda:0', grad_fn=<DivBackward0>)
Iter  11400    loss: tensor([7.0082], device='cuda:0', grad_fn=<DivBackward0>)
Iter  11500    loss: tensor([10.5196], device='cuda:0', grad_fn=<DivBackward0>)
Iter  11600    loss: tensor([8.2178], device='cuda:0', grad_fn=<DivBackward0>)
Iter  11700    loss: tensor([9.8429], device='cuda:0', grad_fn=<DivBackward0>)
Iter  11800    loss: tensor([6.9279], device='cuda:0', grad_fn=<DivBackward0>)
Iter  11900    loss: tensor([8.8837], device='cuda:0', grad_fn=<DivBackward0>)
Iter  12000    loss: tensor([6.9641], device='cuda:0', grad_fn=<DivBackward0>)
Iter  12100    loss: tensor([8.3995], device='cuda:0', grad_fn=<DivBackward0>)
Iter  12200    loss: tensor([6.7303], device='cuda:0', grad_fn=<DivBackward0>)
Iter  12300    loss: tensor([5.6476], device='cuda:0', grad_fn=<DivBackward0>)
Iter  12400    loss: tensor([10.0263], device='cuda:0', grad_fn=<DivBackward0>)
Iter  12500    loss: tensor([7.4998], device='cuda:0', grad_fn=<DivBackward0>)
Iter  12600    loss: tensor([6.1806], device='cuda:0', grad_fn=<DivBackward0>)
Iter  12700    loss: tensor([6.9715], device='cuda:0', grad_fn=<DivBackward0>)
Iter  12800    loss: tensor([6.9152], device='cuda:0', grad_fn=<DivBackward0>)
Iter  12900    loss: tensor([9.3143], device='cuda:0', grad_fn=<DivBackward0>)
Iter  13000    loss: tensor([6.8584], device='cuda:0', grad_fn=<DivBackward0>)
Iter  13100    loss: tensor([5.9834], device='cuda:0', grad_fn=<DivBackward0>)
Iter  13200    loss: tensor([6.7402], device='cuda:0', grad_fn=<DivBackward0>)
Iter  13300    loss: tensor([7.5653], device='cuda:0', grad_fn=<DivBackward0>)
Iter  13400    loss: tensor([6.8541], device='cuda:0', grad_fn=<DivBackward0>)
Iter  13500    loss: tensor([6.6134], device='cuda:0', grad_fn=<DivBackward0>)
Iter  13600    loss: tensor([6.7590], device='cuda:0', grad_fn=<DivBackward0>)
Iter  13700    loss: tensor([6.2871], device='cuda:0', grad_fn=<DivBackward0>)
Iter  13800    loss: tensor([7.5528], device='cuda:0', grad_fn=<DivBackward0>)
Iter  13900    loss: tensor([6.6317], device='cuda:0', grad_fn=<DivBackward0>)
Iter  14000    loss: tensor([7.1326], device='cuda:0', grad_fn=<DivBackward0>)
Iter  14100    loss: tensor([8.8625], device='cuda:0', grad_fn=<DivBackward0>)
Iter  14200    loss: tensor([7.8927], device='cuda:0', grad_fn=<DivBackward0>)
Iter  14300    loss: tensor([7.2835], device='cuda:0', grad_fn=<DivBackward0>)
Iter  14400    loss: tensor([10.3145], device='cuda:0', grad_fn=<DivBackward0>)
Iter  14500    loss: tensor([7.3855], device='cuda:0', grad_fn=<DivBackward0>)
Iter  14600    loss: tensor([8.2195], device='cuda:0', grad_fn=<DivBackward0>)
Iter  14700    loss: tensor([6.6656], device='cuda:0', grad_fn=<DivBackward0>)
Iter  14800    loss: tensor([7.9770], device='cuda:0', grad_fn=<DivBackward0>)
Iter  14900    loss: tensor([8.6060], device='cuda:0', grad_fn=<DivBackward0>)
Iter  15000    loss: tensor([7.3499], device='cuda:0', grad_fn=<DivBackward0>)
Iter  15100    loss: tensor([7.6492], device='cuda:0', grad_fn=<DivBackward0>)
Iter  15200    loss: tensor([5.4327], device='cuda:0', grad_fn=<DivBackward0>)
Iter  15300    loss: tensor([12.4697], device='cuda:0', grad_fn=<DivBackward0>)
Iter  15400    loss: tensor([6.2763], device='cuda:0', grad_fn=<DivBackward0>)
Time use: 10747.941760999998
**********Testing...
The confusion matrix is saved in checkpoint/Con_Matrix.txt
Max accuracy's model is saved in  checkpoint/epoch_max_accuracy.pkl
The confusion matrix is saved in checkpoint/Con_Matrix.txt
Acc: 0.9461409305582991 ( 210751 / 222748 )    Max acc so far: 0.9461409305582991

----------- Epoch: 3 / 100  -----------
Iter  0    loss: tensor([32.2163], device='cuda:0', grad_fn=<AddBackward0>)
Iter  100    loss: tensor([8.2087], device='cuda:0', grad_fn=<DivBackward0>)
Iter  200    loss: tensor([7.7632], device='cuda:0', grad_fn=<DivBackward0>)
Iter  300    loss: tensor([6.7729], device='cuda:0', grad_fn=<DivBackward0>)
Iter  400    loss: tensor([8.0008], device='cuda:0', grad_fn=<DivBackward0>)
Iter  500    loss: tensor([6.2521], device='cuda:0', grad_fn=<DivBackward0>)
Iter  600    loss: tensor([7.1389], device='cuda:0', grad_fn=<DivBackward0>)
Iter  700    loss: tensor([5.1878], device='cuda:0', grad_fn=<DivBackward0>)
Iter  800    loss: tensor([6.5879], device='cuda:0', grad_fn=<DivBackward0>)
Iter  900    loss: tensor([5.3097], device='cuda:0', grad_fn=<DivBackward0>)
Iter  1000    loss: tensor([6.3577], device='cuda:0', grad_fn=<DivBackward0>)
Iter  1100    loss: tensor([6.3742], device='cuda:0', grad_fn=<DivBackward0>)
Iter  1200    loss: tensor([7.1195], device='cuda:0', grad_fn=<DivBackward0>)
Iter  1300    loss: tensor([6.1112], device='cuda:0', grad_fn=<DivBackward0>)
Iter  1400    loss: tensor([6.0771], device='cuda:0', grad_fn=<DivBackward0>)
Iter  1500    loss: tensor([6.0626], device='cuda:0', grad_fn=<DivBackward0>)
Iter  1600    loss: tensor([7.4697], device='cuda:0', grad_fn=<DivBackward0>)
Iter  1700    loss: tensor([6.4957], device='cuda:0', grad_fn=<DivBackward0>)
Iter  1800    loss: tensor([6.3927], device='cuda:0', grad_fn=<DivBackward0>)
Iter  1900    loss: tensor([6.6396], device='cuda:0', grad_fn=<DivBackward0>)
Iter  2000    loss: tensor([6.9788], device='cuda:0', grad_fn=<DivBackward0>)
Iter  2100    loss: tensor([6.4333], device='cuda:0', grad_fn=<DivBackward0>)
Iter  2200    loss: tensor([5.8110], device='cuda:0', grad_fn=<DivBackward0>)
Iter  2300    loss: tensor([8.4189], device='cuda:0', grad_fn=<DivBackward0>)
Iter  2400    loss: tensor([6.3578], device='cuda:0', grad_fn=<DivBackward0>)
Iter  2500    loss: tensor([6.9058], device='cuda:0', grad_fn=<DivBackward0>)
Iter  2600    loss: tensor([5.8019], device='cuda:0', grad_fn=<DivBackward0>)
Iter  2700    loss: tensor([5.1637], device='cuda:0', grad_fn=<DivBackward0>)
Iter  2800    loss: tensor([6.1864], device='cuda:0', grad_fn=<DivBackward0>)
Iter  2900    loss: tensor([6.7088], device='cuda:0', grad_fn=<DivBackward0>)
Iter  3000    loss: tensor([6.5858], device='cuda:0', grad_fn=<DivBackward0>)
Iter  3100    loss: tensor([6.9112], device='cuda:0', grad_fn=<DivBackward0>)
Iter  3200    loss: tensor([7.2023], device='cuda:0', grad_fn=<DivBackward0>)
Iter  3300    loss: tensor([6.0509], device='cuda:0', grad_fn=<DivBackward0>)
Iter  3400    loss: tensor([6.0979], device='cuda:0', grad_fn=<DivBackward0>)
Iter  3500    loss: tensor([5.5150], device='cuda:0', grad_fn=<DivBackward0>)
Iter  3600    loss: tensor([5.9537], device='cuda:0', grad_fn=<DivBackward0>)
Iter  3700    loss: tensor([7.1911], device='cuda:0', grad_fn=<DivBackward0>)
Iter  3800    loss: tensor([5.9231], device='cuda:0', grad_fn=<DivBackward0>)
Iter  3900    loss: tensor([7.6251], device='cuda:0', grad_fn=<DivBackward0>)
Iter  4000    loss: tensor([5.5201], device='cuda:0', grad_fn=<DivBackward0>)
Iter  4100    loss: tensor([7.4558], device='cuda:0', grad_fn=<DivBackward0>)
Iter  4200    loss: tensor([6.6469], device='cuda:0', grad_fn=<DivBackward0>)
Iter  4300    loss: tensor([6.4725], device='cuda:0', grad_fn=<DivBackward0>)
Iter  4400    loss: tensor([4.0891], device='cuda:0', grad_fn=<DivBackward0>)
Iter  4500    loss: tensor([5.0208], device='cuda:0', grad_fn=<DivBackward0>)
Iter  4600    loss: tensor([7.1926], device='cuda:0', grad_fn=<DivBackward0>)
Iter  4700    loss: tensor([6.8494], device='cuda:0', grad_fn=<DivBackward0>)
Iter  4800    loss: tensor([4.7014], device='cuda:0', grad_fn=<DivBackward0>)
Iter  4900    loss: tensor([6.8588], device='cuda:0', grad_fn=<DivBackward0>)
Iter  5000    loss: tensor([5.7416], device='cuda:0', grad_fn=<DivBackward0>)
Iter  5100    loss: tensor([4.3168], device='cuda:0', grad_fn=<DivBackward0>)
Iter  5200    loss: tensor([5.7666], device='cuda:0', grad_fn=<DivBackward0>)
Iter  5300    loss: tensor([5.7689], device='cuda:0', grad_fn=<DivBackward0>)
Iter  5400    loss: tensor([4.5637], device='cuda:0', grad_fn=<DivBackward0>)
Iter  5500    loss: tensor([4.9055], device='cuda:0', grad_fn=<DivBackward0>)
Iter  5600    loss: tensor([5.5397], device='cuda:0', grad_fn=<DivBackward0>)
Iter  5700    loss: tensor([5.7356], device='cuda:0', grad_fn=<DivBackward0>)
Iter  5800    loss: tensor([5.1643], device='cuda:0', grad_fn=<DivBackward0>)
Iter  5900    loss: tensor([6.3063], device='cuda:0', grad_fn=<DivBackward0>)
Iter  6000    loss: tensor([5.2434], device='cuda:0', grad_fn=<DivBackward0>)
Iter  6100    loss: tensor([5.3215], device='cuda:0', grad_fn=<DivBackward0>)
Iter  6200    loss: tensor([4.8353], device='cuda:0', grad_fn=<DivBackward0>)
Iter  6300    loss: tensor([4.5944], device='cuda:0', grad_fn=<DivBackward0>)
Iter  6400    loss: tensor([6.9149], device='cuda:0', grad_fn=<DivBackward0>)
Iter  6500    loss: tensor([4.8257], device='cuda:0', grad_fn=<DivBackward0>)
Iter  6600    loss: tensor([5.7627], device='cuda:0', grad_fn=<DivBackward0>)
Iter  6700    loss: tensor([5.5822], device='cuda:0', grad_fn=<DivBackward0>)
Iter  6800    loss: tensor([6.3234], device='cuda:0', grad_fn=<DivBackward0>)
Iter  6900    loss: tensor([6.4672], device='cuda:0', grad_fn=<DivBackward0>)
Iter  7000    loss: tensor([4.6288], device='cuda:0', grad_fn=<DivBackward0>)
Iter  7100    loss: tensor([5.9729], device='cuda:0', grad_fn=<DivBackward0>)
Iter  7200    loss: tensor([5.9699], device='cuda:0', grad_fn=<DivBackward0>)
Iter  7300    loss: tensor([6.9913], device='cuda:0', grad_fn=<DivBackward0>)
Iter  7400    loss: tensor([5.6367], device='cuda:0', grad_fn=<DivBackward0>)
Iter  7500    loss: tensor([6.0855], device='cuda:0', grad_fn=<DivBackward0>)
Iter  7600    loss: tensor([6.5778], device='cuda:0', grad_fn=<DivBackward0>)
Iter  7700    loss: tensor([4.6109], device='cuda:0', grad_fn=<DivBackward0>)
Iter  7800    loss: tensor([5.8853], device='cuda:0', grad_fn=<DivBackward0>)
Iter  7900    loss: tensor([5.8144], device='cuda:0', grad_fn=<DivBackward0>)
Iter  8000    loss: tensor([6.0704], device='cuda:0', grad_fn=<DivBackward0>)
Iter  8100    loss: tensor([6.5035], device='cuda:0', grad_fn=<DivBackward0>)
Iter  8200    loss: tensor([6.1769], device='cuda:0', grad_fn=<DivBackward0>)
Iter  8300    loss: tensor([8.1105], device='cuda:0', grad_fn=<DivBackward0>)
Iter  8400    loss: tensor([6.3005], device='cuda:0', grad_fn=<DivBackward0>)
Iter  8500    loss: tensor([6.1553], device='cuda:0', grad_fn=<DivBackward0>)
Iter  8600    loss: tensor([4.7825], device='cuda:0', grad_fn=<DivBackward0>)
Iter  8700    loss: tensor([5.4380], device='cuda:0', grad_fn=<DivBackward0>)
Iter  8800    loss: tensor([5.5163], device='cuda:0', grad_fn=<DivBackward0>)
Iter  8900    loss: tensor([5.0278], device='cuda:0', grad_fn=<DivBackward0>)
Iter  9000    loss: tensor([5.0418], device='cuda:0', grad_fn=<DivBackward0>)
Iter  9100    loss: tensor([5.7873], device='cuda:0', grad_fn=<DivBackward0>)
Iter  9200    loss: tensor([6.8063], device='cuda:0', grad_fn=<DivBackward0>)
Iter  9300    loss: tensor([4.8713], device='cuda:0', grad_fn=<DivBackward0>)
Iter  9400    loss: tensor([5.6004], device='cuda:0', grad_fn=<DivBackward0>)
Iter  9500    loss: tensor([5.4560], device='cuda:0', grad_fn=<DivBackward0>)
Iter  9600    loss: tensor([5.5860], device='cuda:0', grad_fn=<DivBackward0>)
Iter  9700    loss: tensor([4.6800], device='cuda:0', grad_fn=<DivBackward0>)
Iter  9800    loss: tensor([5.9641], device='cuda:0', grad_fn=<DivBackward0>)
Iter  9900    loss: tensor([6.1769], device='cuda:0', grad_fn=<DivBackward0>)
Iter  10000    loss: tensor([5.1581], device='cuda:0', grad_fn=<DivBackward0>)
Iter  10100    loss: tensor([6.1515], device='cuda:0', grad_fn=<DivBackward0>)
Iter  10200    loss: tensor([4.7812], device='cuda:0', grad_fn=<DivBackward0>)
Iter  10300    loss: tensor([7.2088], device='cuda:0', grad_fn=<DivBackward0>)
Iter  10400    loss: tensor([6.7325], device='cuda:0', grad_fn=<DivBackward0>)
Iter  10500    loss: tensor([6.4401], device='cuda:0', grad_fn=<DivBackward0>)
Iter  10600    loss: tensor([6.1692], device='cuda:0', grad_fn=<DivBackward0>)
Iter  10700    loss: tensor([6.8242], device='cuda:0', grad_fn=<DivBackward0>)
Iter  10800    loss: tensor([5.8757], device='cuda:0', grad_fn=<DivBackward0>)
Iter  10900    loss: tensor([5.8419], device='cuda:0', grad_fn=<DivBackward0>)
Iter  11000    loss: tensor([4.7598], device='cuda:0', grad_fn=<DivBackward0>)
Iter  11100    loss: tensor([5.7676], device='cuda:0', grad_fn=<DivBackward0>)
Iter  11200    loss: tensor([5.1971], device='cuda:0', grad_fn=<DivBackward0>)
Iter  11300    loss: tensor([4.7746], device='cuda:0', grad_fn=<DivBackward0>)
Iter  11400    loss: tensor([5.1575], device='cuda:0', grad_fn=<DivBackward0>)
Iter  11500    loss: tensor([7.8307], device='cuda:0', grad_fn=<DivBackward0>)
Iter  11600    loss: tensor([5.9437], device='cuda:0', grad_fn=<DivBackward0>)
Iter  11700    loss: tensor([7.1367], device='cuda:0', grad_fn=<DivBackward0>)
Iter  11800    loss: tensor([4.5085], device='cuda:0', grad_fn=<DivBackward0>)
Iter  11900    loss: tensor([6.4747], device='cuda:0', grad_fn=<DivBackward0>)
Iter  12000    loss: tensor([4.7880], device='cuda:0', grad_fn=<DivBackward0>)
Iter  12100    loss: tensor([5.9319], device='cuda:0', grad_fn=<DivBackward0>)
Iter  12200    loss: tensor([4.8200], device='cuda:0', grad_fn=<DivBackward0>)
Iter  12300    loss: tensor([3.7713], device='cuda:0', grad_fn=<DivBackward0>)
Iter  12400    loss: tensor([6.6486], device='cuda:0', grad_fn=<DivBackward0>)
Iter  12500    loss: tensor([5.0696], device='cuda:0', grad_fn=<DivBackward0>)
Iter  12600    loss: tensor([4.5721], device='cuda:0', grad_fn=<DivBackward0>)
Iter  12700    loss: tensor([5.1111], device='cuda:0', grad_fn=<DivBackward0>)
Iter  12800    loss: tensor([4.9936], device='cuda:0', grad_fn=<DivBackward0>)
Iter  12900    loss: tensor([6.7348], device='cuda:0', grad_fn=<DivBackward0>)
Iter  13000    loss: tensor([4.6579], device='cuda:0', grad_fn=<DivBackward0>)
Iter  13100    loss: tensor([4.7053], device='cuda:0', grad_fn=<DivBackward0>)
Iter  13200    loss: tensor([4.5297], device='cuda:0', grad_fn=<DivBackward0>)
Iter  13300    loss: tensor([5.1370], device='cuda:0', grad_fn=<DivBackward0>)
Iter  13400    loss: tensor([4.8193], device='cuda:0', grad_fn=<DivBackward0>)
Iter  13500    loss: tensor([4.7039], device='cuda:0', grad_fn=<DivBackward0>)
Iter  13600    loss: tensor([5.2084], device='cuda:0', grad_fn=<DivBackward0>)
Iter  13700    loss: tensor([4.4601], device='cuda:0', grad_fn=<DivBackward0>)
Iter  13800    loss: tensor([5.3343], device='cuda:0', grad_fn=<DivBackward0>)
Iter  13900    loss: tensor([4.7217], device='cuda:0', grad_fn=<DivBackward0>)
Iter  14000    loss: tensor([4.7895], device='cuda:0', grad_fn=<DivBackward0>)
Iter  14100    loss: tensor([6.5204], device='cuda:0', grad_fn=<DivBackward0>)
Iter  14200    loss: tensor([5.7320], device='cuda:0', grad_fn=<DivBackward0>)
Iter  14300    loss: tensor([5.1510], device='cuda:0', grad_fn=<DivBackward0>)
Iter  14400    loss: tensor([7.2537], device='cuda:0', grad_fn=<DivBackward0>)
Iter  14500    loss: tensor([5.2286], device='cuda:0', grad_fn=<DivBackward0>)
Iter  14600    loss: tensor([5.8988], device='cuda:0', grad_fn=<DivBackward0>)
Iter  14700    loss: tensor([4.8371], device='cuda:0', grad_fn=<DivBackward0>)
Iter  14800    loss: tensor([5.7306], device='cuda:0', grad_fn=<DivBackward0>)
Iter  14900    loss: tensor([5.9030], device='cuda:0', grad_fn=<DivBackward0>)
Iter  15000    loss: tensor([5.4590], device='cuda:0', grad_fn=<DivBackward0>)
Iter  15100    loss: tensor([5.5218], device='cuda:0', grad_fn=<DivBackward0>)
Iter  15200    loss: tensor([3.9871], device='cuda:0', grad_fn=<DivBackward0>)
Iter  15300    loss: tensor([9.3333], device='cuda:0', grad_fn=<DivBackward0>)
Iter  15400    loss: tensor([4.6840], device='cuda:0', grad_fn=<DivBackward0>)
Time use: 14055.422846000001
**********Testing...
The confusion matrix is saved in checkpoint/Con_Matrix.txt
Max accuracy's model is saved in  checkpoint/epoch_max_accuracy.pkl
The confusion matrix is saved in checkpoint/Con_Matrix.txt
Acc: 0.9494136872160468 ( 211480 / 222748 )    Max acc so far: 0.9494136872160468

----------- Epoch: 4 / 100  -----------
Iter  0    loss: tensor([24.9706], device='cuda:0', grad_fn=<AddBackward0>)
Iter  100    loss: tensor([5.8941], device='cuda:0', grad_fn=<DivBackward0>)
Iter  200    loss: tensor([5.8269], device='cuda:0', grad_fn=<DivBackward0>)
Iter  300    loss: tensor([4.6344], device='cuda:0', grad_fn=<DivBackward0>)
Iter  400    loss: tensor([5.9324], device='cuda:0', grad_fn=<DivBackward0>)
Iter  500    loss: tensor([4.3826], device='cuda:0', grad_fn=<DivBackward0>)
Iter  600    loss: tensor([5.3338], device='cuda:0', grad_fn=<DivBackward0>)
Iter  700    loss: tensor([3.4050], device='cuda:0', grad_fn=<DivBackward0>)
Iter  800    loss: tensor([5.0625], device='cuda:0', grad_fn=<DivBackward0>)
Iter  900    loss: tensor([3.8947], device='cuda:0', grad_fn=<DivBackward0>)
Iter  1000    loss: tensor([4.3353], device='cuda:0', grad_fn=<DivBackward0>)
Iter  1100    loss: tensor([4.5218], device='cuda:0', grad_fn=<DivBackward0>)
Iter  1200    loss: tensor([4.9694], device='cuda:0', grad_fn=<DivBackward0>)
Iter  1300    loss: tensor([4.2888], device='cuda:0', grad_fn=<DivBackward0>)
Iter  1400    loss: tensor([4.4974], device='cuda:0', grad_fn=<DivBackward0>)
Iter  1500    loss: tensor([4.3773], device='cuda:0', grad_fn=<DivBackward0>)
Iter  1600    loss: tensor([5.7026], device='cuda:0', grad_fn=<DivBackward0>)
Iter  1700    loss: tensor([4.7267], device='cuda:0', grad_fn=<DivBackward0>)
Iter  1800    loss: tensor([4.8213], device='cuda:0', grad_fn=<DivBackward0>)
Iter  1900    loss: tensor([4.9019], device='cuda:0', grad_fn=<DivBackward0>)
Iter  2000    loss: tensor([4.7481], device='cuda:0', grad_fn=<DivBackward0>)
Iter  2100    loss: tensor([4.6813], device='cuda:0', grad_fn=<DivBackward0>)
Iter  2200    loss: tensor([4.2752], device='cuda:0', grad_fn=<DivBackward0>)
Iter  2300    loss: tensor([5.8103], device='cuda:0', grad_fn=<DivBackward0>)
Iter  2400    loss: tensor([4.3043], device='cuda:0', grad_fn=<DivBackward0>)
Iter  2500    loss: tensor([4.9177], device='cuda:0', grad_fn=<DivBackward0>)
Iter  2600    loss: tensor([4.3669], device='cuda:0', grad_fn=<DivBackward0>)
Iter  2700    loss: tensor([3.6918], device='cuda:0', grad_fn=<DivBackward0>)
Iter  2800    loss: tensor([4.4874], device='cuda:0', grad_fn=<DivBackward0>)
Iter  2900    loss: tensor([4.6954], device='cuda:0', grad_fn=<DivBackward0>)
Iter  3000    loss: tensor([4.4917], device='cuda:0', grad_fn=<DivBackward0>)
Iter  3100    loss: tensor([5.0072], device='cuda:0', grad_fn=<DivBackward0>)
Iter  3200    loss: tensor([5.2182], device='cuda:0', grad_fn=<DivBackward0>)
Iter  3300    loss: tensor([4.6396], device='cuda:0', grad_fn=<DivBackward0>)
Iter  3400    loss: tensor([4.4193], device='cuda:0', grad_fn=<DivBackward0>)
Iter  3500    loss: tensor([3.7069], device='cuda:0', grad_fn=<DivBackward0>)
Iter  3600    loss: tensor([4.5169], device='cuda:0', grad_fn=<DivBackward0>)
Iter  3700    loss: tensor([5.1354], device='cuda:0', grad_fn=<DivBackward0>)
Iter  3800    loss: tensor([4.3060], device='cuda:0', grad_fn=<DivBackward0>)
Iter  3900    loss: tensor([5.5585], device='cuda:0', grad_fn=<DivBackward0>)
Iter  4000    loss: tensor([3.6513], device='cuda:0', grad_fn=<DivBackward0>)
Iter  4100    loss: tensor([5.3928], device='cuda:0', grad_fn=<DivBackward0>)
Iter  4200    loss: tensor([4.6036], device='cuda:0', grad_fn=<DivBackward0>)
Iter  4300    loss: tensor([4.3078], device='cuda:0', grad_fn=<DivBackward0>)
Iter  4400    loss: tensor([3.0373], device='cuda:0', grad_fn=<DivBackward0>)
Iter  4500    loss: tensor([3.7245], device='cuda:0', grad_fn=<DivBackward0>)
Iter  4600    loss: tensor([5.2794], device='cuda:0', grad_fn=<DivBackward0>)
Iter  4700    loss: tensor([5.1271], device='cuda:0', grad_fn=<DivBackward0>)
Iter  4800    loss: tensor([3.3749], device='cuda:0', grad_fn=<DivBackward0>)
Iter  4900    loss: tensor([4.9242], device='cuda:0', grad_fn=<DivBackward0>)
Iter  5000    loss: tensor([4.3414], device='cuda:0', grad_fn=<DivBackward0>)
Iter  5100    loss: tensor([3.2912], device='cuda:0', grad_fn=<DivBackward0>)
Iter  5200    loss: tensor([4.1646], device='cuda:0', grad_fn=<DivBackward0>)
Iter  5300    loss: tensor([3.9972], device='cuda:0', grad_fn=<DivBackward0>)
Iter  5400    loss: tensor([3.0423], device='cuda:0', grad_fn=<DivBackward0>)
Iter  5500    loss: tensor([3.6489], device='cuda:0', grad_fn=<DivBackward0>)
Iter  5600    loss: tensor([4.0832], device='cuda:0', grad_fn=<DivBackward0>)
Iter  5700    loss: tensor([4.2751], device='cuda:0', grad_fn=<DivBackward0>)
Iter  5800    loss: tensor([3.6192], device='cuda:0', grad_fn=<DivBackward0>)
Iter  5900    loss: tensor([4.6451], device='cuda:0', grad_fn=<DivBackward0>)
Iter  6000    loss: tensor([3.9907], device='cuda:0', grad_fn=<DivBackward0>)
Iter  6100    loss: tensor([3.5735], device='cuda:0', grad_fn=<DivBackward0>)
Iter  6200    loss: tensor([3.5453], device='cuda:0', grad_fn=<DivBackward0>)
Iter  6300    loss: tensor([3.5901], device='cuda:0', grad_fn=<DivBackward0>)
Iter  6400    loss: tensor([4.6038], device='cuda:0', grad_fn=<DivBackward0>)
Iter  6500    loss: tensor([3.4177], device='cuda:0', grad_fn=<DivBackward0>)
Iter  6600    loss: tensor([3.9811], device='cuda:0', grad_fn=<DivBackward0>)
Iter  6700    loss: tensor([4.1801], device='cuda:0', grad_fn=<DivBackward0>)
Iter  6800    loss: tensor([4.6383], device='cuda:0', grad_fn=<DivBackward0>)
Iter  6900    loss: tensor([4.4030], device='cuda:0', grad_fn=<DivBackward0>)
Iter  7000    loss: tensor([3.4879], device='cuda:0', grad_fn=<DivBackward0>)
Iter  7100    loss: tensor([4.5229], device='cuda:0', grad_fn=<DivBackward0>)
Iter  7200    loss: tensor([4.0239], device='cuda:0', grad_fn=<DivBackward0>)
Iter  7300    loss: tensor([5.1832], device='cuda:0', grad_fn=<DivBackward0>)
Iter  7400    loss: tensor([3.9562], device='cuda:0', grad_fn=<DivBackward0>)
Iter  7500    loss: tensor([4.6752], device='cuda:0', grad_fn=<DivBackward0>)
Iter  7600    loss: tensor([4.7985], device='cuda:0', grad_fn=<DivBackward0>)
Iter  7700    loss: tensor([3.4573], device='cuda:0', grad_fn=<DivBackward0>)
Iter  7800    loss: tensor([4.1722], device='cuda:0', grad_fn=<DivBackward0>)
Iter  7900    loss: tensor([4.2145], device='cuda:0', grad_fn=<DivBackward0>)
Iter  8000    loss: tensor([4.2732], device='cuda:0', grad_fn=<DivBackward0>)
Iter  8100    loss: tensor([4.5509], device='cuda:0', grad_fn=<DivBackward0>)
Iter  8200    loss: tensor([4.6561], device='cuda:0', grad_fn=<DivBackward0>)
Iter  8300    loss: tensor([5.7358], device='cuda:0', grad_fn=<DivBackward0>)
Iter  8400    loss: tensor([4.3170], device='cuda:0', grad_fn=<DivBackward0>)
Iter  8500    loss: tensor([4.3525], device='cuda:0', grad_fn=<DivBackward0>)
Iter  8600    loss: tensor([3.4834], device='cuda:0', grad_fn=<DivBackward0>)
Iter  8700    loss: tensor([3.8098], device='cuda:0', grad_fn=<DivBackward0>)
Iter  8800    loss: tensor([4.0541], device='cuda:0', grad_fn=<DivBackward0>)
Iter  8900    loss: tensor([3.3817], device='cuda:0', grad_fn=<DivBackward0>)
Iter  9000    loss: tensor([3.5643], device='cuda:0', grad_fn=<DivBackward0>)
Iter  9100    loss: tensor([4.0134], device='cuda:0', grad_fn=<DivBackward0>)
Iter  9200    loss: tensor([4.7456], device='cuda:0', grad_fn=<DivBackward0>)
Iter  9300    loss: tensor([3.1850], device='cuda:0', grad_fn=<DivBackward0>)
Iter  9400    loss: tensor([4.1639], device='cuda:0', grad_fn=<DivBackward0>)
Iter  9500    loss: tensor([3.4356], device='cuda:0', grad_fn=<DivBackward0>)
Iter  9600    loss: tensor([4.2404], device='cuda:0', grad_fn=<DivBackward0>)
Iter  9700    loss: tensor([3.6311], device='cuda:0', grad_fn=<DivBackward0>)
Iter  9800    loss: tensor([4.3565], device='cuda:0', grad_fn=<DivBackward0>)
Iter  9900    loss: tensor([4.5095], device='cuda:0', grad_fn=<DivBackward0>)
Iter  10000    loss: tensor([3.6356], device='cuda:0', grad_fn=<DivBackward0>)
Iter  10100    loss: tensor([4.6680], device='cuda:0', grad_fn=<DivBackward0>)
Iter  10200    loss: tensor([3.4829], device='cuda:0', grad_fn=<DivBackward0>)
Iter  10300    loss: tensor([4.7299], device='cuda:0', grad_fn=<DivBackward0>)
Iter  10400    loss: tensor([4.7201], device='cuda:0', grad_fn=<DivBackward0>)
Iter  10500    loss: tensor([4.2213], device='cuda:0', grad_fn=<DivBackward0>)
Iter  10600    loss: tensor([4.2322], device='cuda:0', grad_fn=<DivBackward0>)
Iter  10700    loss: tensor([5.0974], device='cuda:0', grad_fn=<DivBackward0>)
Iter  10800    loss: tensor([3.9141], device='cuda:0', grad_fn=<DivBackward0>)
Iter  10900    loss: tensor([4.4274], device='cuda:0', grad_fn=<DivBackward0>)
Iter  11000    loss: tensor([3.4222], device='cuda:0', grad_fn=<DivBackward0>)
Iter  11100    loss: tensor([4.1952], device='cuda:0', grad_fn=<DivBackward0>)
Iter  11200    loss: tensor([3.6851], device='cuda:0', grad_fn=<DivBackward0>)
Iter  11300    loss: tensor([3.4071], device='cuda:0', grad_fn=<DivBackward0>)
Iter  11400    loss: tensor([3.6325], device='cuda:0', grad_fn=<DivBackward0>)
Iter  11500    loss: tensor([5.5175], device='cuda:0', grad_fn=<DivBackward0>)
Iter  11600    loss: tensor([3.8333], device='cuda:0', grad_fn=<DivBackward0>)
Iter  11700    loss: tensor([4.9739], device='cuda:0', grad_fn=<DivBackward0>)
Iter  11800    loss: tensor([3.0139], device='cuda:0', grad_fn=<DivBackward0>)
Iter  11900    loss: tensor([4.4342], device='cuda:0', grad_fn=<DivBackward0>)
Iter  12000    loss: tensor([3.3928], device='cuda:0', grad_fn=<DivBackward0>)
Iter  12100    loss: tensor([4.2693], device='cuda:0', grad_fn=<DivBackward0>)
Iter  12200    loss: tensor([3.3477], device='cuda:0', grad_fn=<DivBackward0>)
Iter  12300    loss: tensor([2.8209], device='cuda:0', grad_fn=<DivBackward0>)
Iter  12400    loss: tensor([4.9423], device='cuda:0', grad_fn=<DivBackward0>)
Iter  12500    loss: tensor([3.6035], device='cuda:0', grad_fn=<DivBackward0>)
Iter  12600    loss: tensor([3.6033], device='cuda:0', grad_fn=<DivBackward0>)
Iter  12700    loss: tensor([3.7368], device='cuda:0', grad_fn=<DivBackward0>)
Iter  12800    loss: tensor([3.7063], device='cuda:0', grad_fn=<DivBackward0>)
Iter  12900    loss: tensor([4.7844], device='cuda:0', grad_fn=<DivBackward0>)
Iter  13000    loss: tensor([3.3495], device='cuda:0', grad_fn=<DivBackward0>)
Iter  13100    loss: tensor([3.2565], device='cuda:0', grad_fn=<DivBackward0>)
Iter  13200    loss: tensor([3.2328], device='cuda:0', grad_fn=<DivBackward0>)
Iter  13300    loss: tensor([3.4711], device='cuda:0', grad_fn=<DivBackward0>)
Iter  13400    loss: tensor([3.6007], device='cuda:0', grad_fn=<DivBackward0>)
Iter  13500    loss: tensor([3.2652], device='cuda:0', grad_fn=<DivBackward0>)
Iter  13600    loss: tensor([3.5998], device='cuda:0', grad_fn=<DivBackward0>)
Iter  13700    loss: tensor([2.9300], device='cuda:0', grad_fn=<DivBackward0>)
Iter  13800    loss: tensor([3.9242], device='cuda:0', grad_fn=<DivBackward0>)
Iter  13900    loss: tensor([3.6580], device='cuda:0', grad_fn=<DivBackward0>)
Iter  14000    loss: tensor([3.3098], device='cuda:0', grad_fn=<DivBackward0>)
Iter  14100    loss: tensor([4.4043], device='cuda:0', grad_fn=<DivBackward0>)
Iter  14200    loss: tensor([3.9795], device='cuda:0', grad_fn=<DivBackward0>)
Iter  14300    loss: tensor([3.3218], device='cuda:0', grad_fn=<DivBackward0>)
Iter  14400    loss: tensor([4.9991], device='cuda:0', grad_fn=<DivBackward0>)
Iter  14500    loss: tensor([3.5850], device='cuda:0', grad_fn=<DivBackward0>)
Iter  14600    loss: tensor([4.2810], device='cuda:0', grad_fn=<DivBackward0>)
Iter  14700    loss: tensor([3.5224], device='cuda:0', grad_fn=<DivBackward0>)
Iter  14800    loss: tensor([4.1338], device='cuda:0', grad_fn=<DivBackward0>)
Iter  14900    loss: tensor([4.2859], device='cuda:0', grad_fn=<DivBackward0>)
Iter  15000    loss: tensor([3.7126], device='cuda:0', grad_fn=<DivBackward0>)
Iter  15100    loss: tensor([3.8216], device='cuda:0', grad_fn=<DivBackward0>)
Iter  15200    loss: tensor([2.9000], device='cuda:0', grad_fn=<DivBackward0>)
Iter  15300    loss: tensor([6.6316], device='cuda:0', grad_fn=<DivBackward0>)
Iter  15400    loss: tensor([3.4790], device='cuda:0', grad_fn=<DivBackward0>)
Time use: 11511.812843
**********Testing...
The confusion matrix is saved in checkpoint/Con_Matrix.txt
Max accuracy's model is saved in  checkpoint/epoch_max_accuracy.pkl
The confusion matrix is saved in checkpoint/Con_Matrix.txt
Acc: 0.9523048467326306 ( 212124 / 222748 )    Max acc so far: 0.9523048467326306

----------- Epoch: 5 / 100  -----------
Iter  0    loss: tensor([18.9248], device='cuda:0', grad_fn=<AddBackward0>)
Iter  100    loss: tensor([4.0137], device='cuda:0', grad_fn=<DivBackward0>)
Iter  200    loss: tensor([4.1903], device='cuda:0', grad_fn=<DivBackward0>)
Iter  300    loss: tensor([3.2613], device='cuda:0', grad_fn=<DivBackward0>)
Iter  400    loss: tensor([3.8924], device='cuda:0', grad_fn=<DivBackward0>)
Iter  500    loss: tensor([3.2384], device='cuda:0', grad_fn=<DivBackward0>)
Iter  600    loss: tensor([3.9369], device='cuda:0', grad_fn=<DivBackward0>)
Iter  700    loss: tensor([2.4287], device='cuda:0', grad_fn=<DivBackward0>)
Iter  800    loss: tensor([3.3908], device='cuda:0', grad_fn=<DivBackward0>)
Iter  900    loss: tensor([2.7963], device='cuda:0', grad_fn=<DivBackward0>)
Iter  1000    loss: tensor([3.0244], device='cuda:0', grad_fn=<DivBackward0>)
Iter  1100    loss: tensor([3.3710], device='cuda:0', grad_fn=<DivBackward0>)
Iter  1200    loss: tensor([3.3091], device='cuda:0', grad_fn=<DivBackward0>)
Iter  1300    loss: tensor([2.8921], device='cuda:0', grad_fn=<DivBackward0>)
Iter  1400    loss: tensor([3.0765], device='cuda:0', grad_fn=<DivBackward0>)
Iter  1500    loss: tensor([3.0008], device='cuda:0', grad_fn=<DivBackward0>)
Iter  1600    loss: tensor([4.1909], device='cuda:0', grad_fn=<DivBackward0>)
Iter  1700    loss: tensor([3.3417], device='cuda:0', grad_fn=<DivBackward0>)
Iter  1800    loss: tensor([3.3474], device='cuda:0', grad_fn=<DivBackward0>)
Iter  1900    loss: tensor([3.5223], device='cuda:0', grad_fn=<DivBackward0>)
Iter  2000    loss: tensor([3.2782], device='cuda:0', grad_fn=<DivBackward0>)
Iter  2100    loss: tensor([3.4384], device='cuda:0', grad_fn=<DivBackward0>)
Iter  2200    loss: tensor([3.3088], device='cuda:0', grad_fn=<DivBackward0>)
Iter  2300    loss: tensor([4.0572], device='cuda:0', grad_fn=<DivBackward0>)
Iter  2400    loss: tensor([3.1758], device='cuda:0', grad_fn=<DivBackward0>)
Iter  2500    loss: tensor([3.5339], device='cuda:0', grad_fn=<DivBackward0>)
Iter  2600    loss: tensor([2.9759], device='cuda:0', grad_fn=<DivBackward0>)
Iter  2700    loss: tensor([2.6088], device='cuda:0', grad_fn=<DivBackward0>)
Iter  2800    loss: tensor([3.2514], device='cuda:0', grad_fn=<DivBackward0>)
Iter  2900    loss: tensor([3.3405], device='cuda:0', grad_fn=<DivBackward0>)
Iter  3000    loss: tensor([3.2394], device='cuda:0', grad_fn=<DivBackward0>)
Iter  3100    loss: tensor([3.4755], device='cuda:0', grad_fn=<DivBackward0>)
Iter  3200    loss: tensor([3.7562], device='cuda:0', grad_fn=<DivBackward0>)
Iter  3300    loss: tensor([3.5003], device='cuda:0', grad_fn=<DivBackward0>)
Iter  3400    loss: tensor([2.8076], device='cuda:0', grad_fn=<DivBackward0>)
Iter  3500    loss: tensor([2.7461], device='cuda:0', grad_fn=<DivBackward0>)
Iter  3600    loss: tensor([3.2190], device='cuda:0', grad_fn=<DivBackward0>)
Iter  3700    loss: tensor([3.7654], device='cuda:0', grad_fn=<DivBackward0>)
Iter  3800    loss: tensor([3.0820], device='cuda:0', grad_fn=<DivBackward0>)
Iter  3900    loss: tensor([3.8339], device='cuda:0', grad_fn=<DivBackward0>)
Iter  4000    loss: tensor([2.5536], device='cuda:0', grad_fn=<DivBackward0>)
Iter  4100    loss: tensor([3.8207], device='cuda:0', grad_fn=<DivBackward0>)
Iter  4200    loss: tensor([3.5642], device='cuda:0', grad_fn=<DivBackward0>)
Iter  4300    loss: tensor([3.2419], device='cuda:0', grad_fn=<DivBackward0>)
Iter  4400    loss: tensor([1.9917], device='cuda:0', grad_fn=<DivBackward0>)
Iter  4500    loss: tensor([2.3692], device='cuda:0', grad_fn=<DivBackward0>)
Iter  4600    loss: tensor([3.8358], device='cuda:0', grad_fn=<DivBackward0>)
Iter  4700    loss: tensor([3.7051], device='cuda:0', grad_fn=<DivBackward0>)
Iter  4800    loss: tensor([2.5869], device='cuda:0', grad_fn=<DivBackward0>)
Iter  4900    loss: tensor([3.3381], device='cuda:0', grad_fn=<DivBackward0>)
Iter  5000    loss: tensor([2.8333], device='cuda:0', grad_fn=<DivBackward0>)
Iter  5100    loss: tensor([2.0512], device='cuda:0', grad_fn=<DivBackward0>)
Iter  5200    loss: tensor([2.9845], device='cuda:0', grad_fn=<DivBackward0>)
Iter  5300    loss: tensor([2.7321], device='cuda:0', grad_fn=<DivBackward0>)
Iter  5400    loss: tensor([2.2304], device='cuda:0', grad_fn=<DivBackward0>)
Iter  5500    loss: tensor([2.8044], device='cuda:0', grad_fn=<DivBackward0>)
Iter  5600    loss: tensor([2.8480], device='cuda:0', grad_fn=<DivBackward0>)
Iter  5700    loss: tensor([3.0981], device='cuda:0', grad_fn=<DivBackward0>)
Iter  5800    loss: tensor([2.5595], device='cuda:0', grad_fn=<DivBackward0>)
Iter  5900    loss: tensor([3.4069], device='cuda:0', grad_fn=<DivBackward0>)
Iter  6000    loss: tensor([2.9044], device='cuda:0', grad_fn=<DivBackward0>)
Iter  6100    loss: tensor([2.5551], device='cuda:0', grad_fn=<DivBackward0>)
Iter  6200    loss: tensor([2.6537], device='cuda:0', grad_fn=<DivBackward0>)
Iter  6300    loss: tensor([2.4567], device='cuda:0', grad_fn=<DivBackward0>)
Iter  6400    loss: tensor([3.1976], device='cuda:0', grad_fn=<DivBackward0>)
Iter  6500    loss: tensor([2.6079], device='cuda:0', grad_fn=<DivBackward0>)
Iter  6600    loss: tensor([2.7700], device='cuda:0', grad_fn=<DivBackward0>)
Iter  6700    loss: tensor([2.7669], device='cuda:0', grad_fn=<DivBackward0>)
Iter  6800    loss: tensor([3.3395], device='cuda:0', grad_fn=<DivBackward0>)
Iter  6900    loss: tensor([2.8828], device='cuda:0', grad_fn=<DivBackward0>)
Iter  7000    loss: tensor([2.7126], device='cuda:0', grad_fn=<DivBackward0>)
Iter  7100    loss: tensor([3.3355], device='cuda:0', grad_fn=<DivBackward0>)
Iter  7200    loss: tensor([3.1393], device='cuda:0', grad_fn=<DivBackward0>)
Iter  7300    loss: tensor([3.4750], device='cuda:0', grad_fn=<DivBackward0>)
Iter  7400    loss: tensor([2.7799], device='cuda:0', grad_fn=<DivBackward0>)
Iter  7500    loss: tensor([3.1713], device='cuda:0', grad_fn=<DivBackward0>)
Iter  7600    loss: tensor([3.4755], device='cuda:0', grad_fn=<DivBackward0>)
Iter  7700    loss: tensor([2.4897], device='cuda:0', grad_fn=<DivBackward0>)
Iter  7800    loss: tensor([2.9207], device='cuda:0', grad_fn=<DivBackward0>)
Iter  7900    loss: tensor([2.9133], device='cuda:0', grad_fn=<DivBackward0>)
Iter  8000    loss: tensor([3.1389], device='cuda:0', grad_fn=<DivBackward0>)
Iter  8100    loss: tensor([3.2973], device='cuda:0', grad_fn=<DivBackward0>)
Iter  8200    loss: tensor([3.2024], device='cuda:0', grad_fn=<DivBackward0>)
Iter  8300    loss: tensor([4.0510], device='cuda:0', grad_fn=<DivBackward0>)
Iter  8400    loss: tensor([3.1173], device='cuda:0', grad_fn=<DivBackward0>)
Iter  8500    loss: tensor([3.1917], device='cuda:0', grad_fn=<DivBackward0>)
Iter  8600    loss: tensor([2.6084], device='cuda:0', grad_fn=<DivBackward0>)
Iter  8700    loss: tensor([2.7764], device='cuda:0', grad_fn=<DivBackward0>)
Iter  8800    loss: tensor([2.9397], device='cuda:0', grad_fn=<DivBackward0>)
Iter  8900    loss: tensor([2.5330], device='cuda:0', grad_fn=<DivBackward0>)
Iter  9000    loss: tensor([2.5299], device='cuda:0', grad_fn=<DivBackward0>)
Iter  9100    loss: tensor([2.8115], device='cuda:0', grad_fn=<DivBackward0>)
Iter  9200    loss: tensor([3.3997], device='cuda:0', grad_fn=<DivBackward0>)
Iter  9300    loss: tensor([2.2243], device='cuda:0', grad_fn=<DivBackward0>)
Iter  9400    loss: tensor([3.0686], device='cuda:0', grad_fn=<DivBackward0>)
Iter  9500    loss: tensor([2.4096], device='cuda:0', grad_fn=<DivBackward0>)
Iter  9600    loss: tensor([3.1063], device='cuda:0', grad_fn=<DivBackward0>)
Iter  9700    loss: tensor([2.4767], device='cuda:0', grad_fn=<DivBackward0>)
Iter  9800    loss: tensor([3.0124], device='cuda:0', grad_fn=<DivBackward0>)
Iter  9900    loss: tensor([3.2676], device='cuda:0', grad_fn=<DivBackward0>)
Iter  10000    loss: tensor([2.3994], device='cuda:0', grad_fn=<DivBackward0>)
Iter  10100    loss: tensor([3.3096], device='cuda:0', grad_fn=<DivBackward0>)
Iter  10200    loss: tensor([2.6936], device='cuda:0', grad_fn=<DivBackward0>)
Iter  10300    loss: tensor([3.3408], device='cuda:0', grad_fn=<DivBackward0>)
Iter  10400    loss: tensor([3.2685], device='cuda:0', grad_fn=<DivBackward0>)
Iter  10500    loss: tensor([3.1912], device='cuda:0', grad_fn=<DivBackward0>)
Iter  10600    loss: tensor([2.8132], device='cuda:0', grad_fn=<DivBackward0>)
Iter  10700    loss: tensor([3.5970], device='cuda:0', grad_fn=<DivBackward0>)
Iter  10800    loss: tensor([3.0617], device='cuda:0', grad_fn=<DivBackward0>)
Iter  10900    loss: tensor([2.7930], device='cuda:0', grad_fn=<DivBackward0>)
Iter  11000    loss: tensor([2.4098], device='cuda:0', grad_fn=<DivBackward0>)
Iter  11100    loss: tensor([2.8336], device='cuda:0', grad_fn=<DivBackward0>)
Iter  11200    loss: tensor([2.5988], device='cuda:0', grad_fn=<DivBackward0>)
Iter  11300    loss: tensor([2.7130], device='cuda:0', grad_fn=<DivBackward0>)
Iter  11400    loss: tensor([2.3167], device='cuda:0', grad_fn=<DivBackward0>)
Iter  11500    loss: tensor([4.0524], device='cuda:0', grad_fn=<DivBackward0>)
Iter  11600    loss: tensor([2.6281], device='cuda:0', grad_fn=<DivBackward0>)
Iter  11700    loss: tensor([3.4509], device='cuda:0', grad_fn=<DivBackward0>)
Iter  11800    loss: tensor([2.3558], device='cuda:0', grad_fn=<DivBackward0>)
Iter  11900    loss: tensor([3.2816], device='cuda:0', grad_fn=<DivBackward0>)
Iter  12000    loss: tensor([2.3253], device='cuda:0', grad_fn=<DivBackward0>)
Iter  12100    loss: tensor([2.9535], device='cuda:0', grad_fn=<DivBackward0>)
Iter  12200    loss: tensor([2.6342], device='cuda:0', grad_fn=<DivBackward0>)
Iter  12300    loss: tensor([1.9263], device='cuda:0', grad_fn=<DivBackward0>)
Iter  12400    loss: tensor([3.4326], device='cuda:0', grad_fn=<DivBackward0>)
Iter  12500    loss: tensor([2.4705], device='cuda:0', grad_fn=<DivBackward0>)
Iter  12600    loss: tensor([2.4807], device='cuda:0', grad_fn=<DivBackward0>)
Iter  12700    loss: tensor([2.5069], device='cuda:0', grad_fn=<DivBackward0>)
Iter  12800    loss: tensor([2.5912], device='cuda:0', grad_fn=<DivBackward0>)
Iter  12900    loss: tensor([3.0144], device='cuda:0', grad_fn=<DivBackward0>)
Iter  13000    loss: tensor([2.3252], device='cuda:0', grad_fn=<DivBackward0>)
Iter  13100    loss: tensor([2.5071], device='cuda:0', grad_fn=<DivBackward0>)
Iter  13200    loss: tensor([2.1696], device='cuda:0', grad_fn=<DivBackward0>)
Iter  13300    loss: tensor([2.3277], device='cuda:0', grad_fn=<DivBackward0>)
Iter  13400    loss: tensor([2.5446], device='cuda:0', grad_fn=<DivBackward0>)
Iter  13500    loss: tensor([2.1635], device='cuda:0', grad_fn=<DivBackward0>)
Iter  13600    loss: tensor([2.5127], device='cuda:0', grad_fn=<DivBackward0>)
Iter  13700    loss: tensor([2.3436], device='cuda:0', grad_fn=<DivBackward0>)
Iter  13800    loss: tensor([2.7728], device='cuda:0', grad_fn=<DivBackward0>)
Iter  13900    loss: tensor([2.5359], device='cuda:0', grad_fn=<DivBackward0>)
Iter  14000    loss: tensor([2.4133], device='cuda:0', grad_fn=<DivBackward0>)
Iter  14100    loss: tensor([3.1051], device='cuda:0', grad_fn=<DivBackward0>)
Iter  14200    loss: tensor([2.9730], device='cuda:0', grad_fn=<DivBackward0>)
Iter  14300    loss: tensor([2.3604], device='cuda:0', grad_fn=<DivBackward0>)
Iter  14400    loss: tensor([3.2791], device='cuda:0', grad_fn=<DivBackward0>)
Iter  14500    loss: tensor([2.5706], device='cuda:0', grad_fn=<DivBackward0>)
Iter  14600    loss: tensor([2.8405], device='cuda:0', grad_fn=<DivBackward0>)
Iter  14700    loss: tensor([2.5162], device='cuda:0', grad_fn=<DivBackward0>)
Iter  14800    loss: tensor([2.9030], device='cuda:0', grad_fn=<DivBackward0>)
Iter  14900    loss: tensor([2.8188], device='cuda:0', grad_fn=<DivBackward0>)
Iter  15000    loss: tensor([2.6018], device='cuda:0', grad_fn=<DivBackward0>)
Iter  15100    loss: tensor([2.7455], device='cuda:0', grad_fn=<DivBackward0>)
Iter  15200    loss: tensor([2.1498], device='cuda:0', grad_fn=<DivBackward0>)
Iter  15300    loss: tensor([4.4261], device='cuda:0', grad_fn=<DivBackward0>)
Iter  15400    loss: tensor([2.1972], device='cuda:0', grad_fn=<DivBackward0>)
Time use: 11245.813751999995
**********Testing...
The confusion matrix is saved in checkpoint/Con_Matrix.txt
Max accuracy's model is saved in  checkpoint/epoch_max_accuracy.pkl
The confusion matrix is saved in checkpoint/Con_Matrix.txt
Acc: 0.9539165334817821 ( 212483 / 222748 )    Max acc so far: 0.9539165334817821

----------- Epoch: 6 / 100  -----------
Iter  0    loss: tensor([22.8877], device='cuda:0', grad_fn=<AddBackward0>)
Iter  100    loss: tensor([2.7178], device='cuda:0', grad_fn=<DivBackward0>)
Iter  200    loss: tensor([2.8709], device='cuda:0', grad_fn=<DivBackward0>)
Iter  300    loss: tensor([2.1366], device='cuda:0', grad_fn=<DivBackward0>)
Iter  400    loss: tensor([2.8955], device='cuda:0', grad_fn=<DivBackward0>)
Iter  500    loss: tensor([2.4438], device='cuda:0', grad_fn=<DivBackward0>)
Iter  600    loss: tensor([2.6720], device='cuda:0', grad_fn=<DivBackward0>)
Iter  700    loss: tensor([1.5975], device='cuda:0', grad_fn=<DivBackward0>)
Iter  800    loss: tensor([2.3028], device='cuda:0', grad_fn=<DivBackward0>)
Iter  900    loss: tensor([1.7859], device='cuda:0', grad_fn=<DivBackward0>)
Iter  1000    loss: tensor([2.0328], device='cuda:0', grad_fn=<DivBackward0>)
Iter  1100    loss: tensor([2.5842], device='cuda:0', grad_fn=<DivBackward0>)
Iter  1200    loss: tensor([2.3636], device='cuda:0', grad_fn=<DivBackward0>)
Iter  1300    loss: tensor([1.9238], device='cuda:0', grad_fn=<DivBackward0>)
Iter  1400    loss: tensor([2.2598], device='cuda:0', grad_fn=<DivBackward0>)
Iter  1500    loss: tensor([2.3446], device='cuda:0', grad_fn=<DivBackward0>)
Iter  1600    loss: tensor([2.7205], device='cuda:0', grad_fn=<DivBackward0>)
Iter  1700    loss: tensor([2.4792], device='cuda:0', grad_fn=<DivBackward0>)
Iter  1800    loss: tensor([2.6307], device='cuda:0', grad_fn=<DivBackward0>)
Iter  1900    loss: tensor([2.3878], device='cuda:0', grad_fn=<DivBackward0>)
Iter  2000    loss: tensor([2.3497], device='cuda:0', grad_fn=<DivBackward0>)
Iter  2100    loss: tensor([2.5940], device='cuda:0', grad_fn=<DivBackward0>)
Iter  2200    loss: tensor([2.0442], device='cuda:0', grad_fn=<DivBackward0>)
Iter  2300    loss: tensor([2.6700], device='cuda:0', grad_fn=<DivBackward0>)
Iter  2400    loss: tensor([2.3267], device='cuda:0', grad_fn=<DivBackward0>)
Iter  2500    loss: tensor([2.4573], device='cuda:0', grad_fn=<DivBackward0>)
Iter  2600    loss: tensor([2.0052], device='cuda:0', grad_fn=<DivBackward0>)
Iter  2700    loss: tensor([1.9348], device='cuda:0', grad_fn=<DivBackward0>)
Iter  2800    loss: tensor([1.9737], device='cuda:0', grad_fn=<DivBackward0>)
Iter  2900    loss: tensor([2.2354], device='cuda:0', grad_fn=<DivBackward0>)
Iter  3000    loss: tensor([2.2448], device='cuda:0', grad_fn=<DivBackward0>)
Iter  3100    loss: tensor([2.3498], device='cuda:0', grad_fn=<DivBackward0>)
Iter  3200    loss: tensor([2.5513], device='cuda:0', grad_fn=<DivBackward0>)
Iter  3300    loss: tensor([2.4020], device='cuda:0', grad_fn=<DivBackward0>)
Iter  3400    loss: tensor([2.1143], device='cuda:0', grad_fn=<DivBackward0>)
Iter  3500    loss: tensor([1.7840], device='cuda:0', grad_fn=<DivBackward0>)
Iter  3600    loss: tensor([2.0964], device='cuda:0', grad_fn=<DivBackward0>)
Iter  3700    loss: tensor([2.3965], device='cuda:0', grad_fn=<DivBackward0>)
Iter  3800    loss: tensor([2.0888], device='cuda:0', grad_fn=<DivBackward0>)
Iter  3900    loss: tensor([2.7396], device='cuda:0', grad_fn=<DivBackward0>)
Iter  4000    loss: tensor([1.8722], device='cuda:0', grad_fn=<DivBackward0>)
Iter  4100    loss: tensor([2.7698], device='cuda:0', grad_fn=<DivBackward0>)
Iter  4200    loss: tensor([2.7453], device='cuda:0', grad_fn=<DivBackward0>)
Iter  4300    loss: tensor([2.2953], device='cuda:0', grad_fn=<DivBackward0>)
Iter  4400    loss: tensor([1.5657], device='cuda:0', grad_fn=<DivBackward0>)
Iter  4500    loss: tensor([2.0186], device='cuda:0', grad_fn=<DivBackward0>)
Iter  4600    loss: tensor([3.0931], device='cuda:0', grad_fn=<DivBackward0>)
Iter  4700    loss: tensor([2.3759], device='cuda:0', grad_fn=<DivBackward0>)
Iter  4800    loss: tensor([2.0331], device='cuda:0', grad_fn=<DivBackward0>)
Iter  4900    loss: tensor([2.4068], device='cuda:0', grad_fn=<DivBackward0>)
Iter  5000    loss: tensor([2.1399], device='cuda:0', grad_fn=<DivBackward0>)
Iter  5100    loss: tensor([1.3241], device='cuda:0', grad_fn=<DivBackward0>)
Iter  5200    loss: tensor([2.1208], device='cuda:0', grad_fn=<DivBackward0>)
Iter  5300    loss: tensor([1.8637], device='cuda:0', grad_fn=<DivBackward0>)
Iter  5400    loss: tensor([1.5622], device='cuda:0', grad_fn=<DivBackward0>)
Iter  5500    loss: tensor([2.1334], device='cuda:0', grad_fn=<DivBackward0>)
Iter  5600    loss: tensor([2.1636], device='cuda:0', grad_fn=<DivBackward0>)
Iter  5700    loss: tensor([2.3181], device='cuda:0', grad_fn=<DivBackward0>)
Iter  5800    loss: tensor([1.7871], device='cuda:0', grad_fn=<DivBackward0>)
Iter  5900    loss: tensor([2.2612], device='cuda:0', grad_fn=<DivBackward0>)
Iter  6000    loss: tensor([1.9388], device='cuda:0', grad_fn=<DivBackward0>)
Iter  6100    loss: tensor([1.8483], device='cuda:0', grad_fn=<DivBackward0>)
Iter  6200    loss: tensor([1.6594], device='cuda:0', grad_fn=<DivBackward0>)
Iter  6300    loss: tensor([1.7927], device='cuda:0', grad_fn=<DivBackward0>)
Iter  6400    loss: tensor([2.2441], device='cuda:0', grad_fn=<DivBackward0>)
Iter  6500    loss: tensor([1.8622], device='cuda:0', grad_fn=<DivBackward0>)
Iter  6600    loss: tensor([1.7557], device='cuda:0', grad_fn=<DivBackward0>)
Iter  6700    loss: tensor([1.8916], device='cuda:0', grad_fn=<DivBackward0>)
Iter  6800    loss: tensor([2.2203], device='cuda:0', grad_fn=<DivBackward0>)
Iter  6900    loss: tensor([2.1956], device='cuda:0', grad_fn=<DivBackward0>)
Iter  7000    loss: tensor([1.8605], device='cuda:0', grad_fn=<DivBackward0>)
Iter  7100    loss: tensor([2.2675], device='cuda:0', grad_fn=<DivBackward0>)
Iter  7200    loss: tensor([2.1742], device='cuda:0', grad_fn=<DivBackward0>)
Iter  7300    loss: tensor([2.4055], device='cuda:0', grad_fn=<DivBackward0>)
Iter  7400    loss: tensor([2.1271], device='cuda:0', grad_fn=<DivBackward0>)
Iter  7500    loss: tensor([2.3622], device='cuda:0', grad_fn=<DivBackward0>)
Iter  7600    loss: tensor([2.2984], device='cuda:0', grad_fn=<DivBackward0>)
Iter  7700    loss: tensor([1.8119], device='cuda:0', grad_fn=<DivBackward0>)
Iter  7800    loss: tensor([2.2257], device='cuda:0', grad_fn=<DivBackward0>)
Iter  7900    loss: tensor([1.8882], device='cuda:0', grad_fn=<DivBackward0>)
Iter  8000    loss: tensor([2.2762], device='cuda:0', grad_fn=<DivBackward0>)
Iter  8100    loss: tensor([2.2281], device='cuda:0', grad_fn=<DivBackward0>)
Iter  8200    loss: tensor([2.3383], device='cuda:0', grad_fn=<DivBackward0>)
Iter  8300    loss: tensor([2.7280], device='cuda:0', grad_fn=<DivBackward0>)
Iter  8400    loss: tensor([2.1147], device='cuda:0', grad_fn=<DivBackward0>)
Iter  8500    loss: tensor([2.2945], device='cuda:0', grad_fn=<DivBackward0>)
Iter  8600    loss: tensor([1.5242], device='cuda:0', grad_fn=<DivBackward0>)
Iter  8700    loss: tensor([1.7663], device='cuda:0', grad_fn=<DivBackward0>)
Iter  8800    loss: tensor([1.9907], device='cuda:0', grad_fn=<DivBackward0>)
Iter  8900    loss: tensor([1.5814], device='cuda:0', grad_fn=<DivBackward0>)
Iter  9000    loss: tensor([1.7594], device='cuda:0', grad_fn=<DivBackward0>)
Iter  9100    loss: tensor([1.9804], device='cuda:0', grad_fn=<DivBackward0>)
Iter  9200    loss: tensor([2.3171], device='cuda:0', grad_fn=<DivBackward0>)
Iter  9300    loss: tensor([1.3396], device='cuda:0', grad_fn=<DivBackward0>)
Iter  9400    loss: tensor([2.1972], device='cuda:0', grad_fn=<DivBackward0>)
Iter  9500    loss: tensor([1.8225], device='cuda:0', grad_fn=<DivBackward0>)
Iter  9600    loss: tensor([2.2978], device='cuda:0', grad_fn=<DivBackward0>)
Iter  9700    loss: tensor([1.6745], device='cuda:0', grad_fn=<DivBackward0>)
Iter  9800    loss: tensor([2.1258], device='cuda:0', grad_fn=<DivBackward0>)
Iter  9900    loss: tensor([2.4762], device='cuda:0', grad_fn=<DivBackward0>)
Iter  10000    loss: tensor([1.5273], device='cuda:0', grad_fn=<DivBackward0>)
Iter  10100    loss: tensor([2.4858], device='cuda:0', grad_fn=<DivBackward0>)
Iter  10200    loss: tensor([1.9909], device='cuda:0', grad_fn=<DivBackward0>)
Iter  10300    loss: tensor([2.5909], device='cuda:0', grad_fn=<DivBackward0>)
Iter  10400    loss: tensor([2.1959], device='cuda:0', grad_fn=<DivBackward0>)
Iter  10500    loss: tensor([2.5825], device='cuda:0', grad_fn=<DivBackward0>)
Iter  10600    loss: tensor([2.0192], device='cuda:0', grad_fn=<DivBackward0>)
Iter  10700    loss: tensor([2.5786], device='cuda:0', grad_fn=<DivBackward0>)
Iter  10800    loss: tensor([2.1142], device='cuda:0', grad_fn=<DivBackward0>)
Iter  10900    loss: tensor([2.0529], device='cuda:0', grad_fn=<DivBackward0>)
Iter  11000    loss: tensor([1.5609], device='cuda:0', grad_fn=<DivBackward0>)
Iter  11100    loss: tensor([1.8660], device='cuda:0', grad_fn=<DivBackward0>)
Iter  11200    loss: tensor([1.8481], device='cuda:0', grad_fn=<DivBackward0>)
Iter  11300    loss: tensor([1.9957], device='cuda:0', grad_fn=<DivBackward0>)
Iter  11400    loss: tensor([1.8754], device='cuda:0', grad_fn=<DivBackward0>)
Iter  11500    loss: tensor([3.1174], device='cuda:0', grad_fn=<DivBackward0>)
Iter  11600    loss: tensor([1.8962], device='cuda:0', grad_fn=<DivBackward0>)
Iter  11700    loss: tensor([2.3783], device='cuda:0', grad_fn=<DivBackward0>)
Iter  11800    loss: tensor([1.7802], device='cuda:0', grad_fn=<DivBackward0>)
Iter  11900    loss: tensor([2.3690], device='cuda:0', grad_fn=<DivBackward0>)
Iter  12000    loss: tensor([1.6113], device='cuda:0', grad_fn=<DivBackward0>)
Iter  12100    loss: tensor([2.3068], device='cuda:0', grad_fn=<DivBackward0>)
Iter  12200    loss: tensor([1.7281], device='cuda:0', grad_fn=<DivBackward0>)
Iter  12300    loss: tensor([1.5880], device='cuda:0', grad_fn=<DivBackward0>)
Iter  12400    loss: tensor([2.2153], device='cuda:0', grad_fn=<DivBackward0>)
Iter  12500    loss: tensor([1.5611], device='cuda:0', grad_fn=<DivBackward0>)
Iter  12600    loss: tensor([1.7658], device='cuda:0', grad_fn=<DivBackward0>)
Iter  12700    loss: tensor([1.9083], device='cuda:0', grad_fn=<DivBackward0>)
Iter  12800    loss: tensor([1.7735], device='cuda:0', grad_fn=<DivBackward0>)
Iter  12900    loss: tensor([2.2312], device='cuda:0', grad_fn=<DivBackward0>)
Iter  13000    loss: tensor([1.6018], device='cuda:0', grad_fn=<DivBackward0>)
Iter  13100    loss: tensor([1.7918], device='cuda:0', grad_fn=<DivBackward0>)
Iter  13200    loss: tensor([1.6377], device='cuda:0', grad_fn=<DivBackward0>)
Iter  13300    loss: tensor([1.5065], device='cuda:0', grad_fn=<DivBackward0>)
Iter  13400    loss: tensor([1.9253], device='cuda:0', grad_fn=<DivBackward0>)
Iter  13500    loss: tensor([1.5935], device='cuda:0', grad_fn=<DivBackward0>)
Iter  13600    loss: tensor([1.7971], device='cuda:0', grad_fn=<DivBackward0>)
Iter  13700    loss: tensor([1.4537], device='cuda:0', grad_fn=<DivBackward0>)
Iter  13800    loss: tensor([1.7182], device='cuda:0', grad_fn=<DivBackward0>)
Iter  13900    loss: tensor([1.7005], device='cuda:0', grad_fn=<DivBackward0>)
Iter  14000    loss: tensor([1.8315], device='cuda:0', grad_fn=<DivBackward0>)
Iter  14100    loss: tensor([2.0290], device='cuda:0', grad_fn=<DivBackward0>)
Iter  14200    loss: tensor([1.8838], device='cuda:0', grad_fn=<DivBackward0>)
Iter  14300    loss: tensor([1.5309], device='cuda:0', grad_fn=<DivBackward0>)
Iter  14400    loss: tensor([2.3309], device='cuda:0', grad_fn=<DivBackward0>)
Iter  14500    loss: tensor([1.8091], device='cuda:0', grad_fn=<DivBackward0>)
Iter  14600    loss: tensor([2.2041], device='cuda:0', grad_fn=<DivBackward0>)
Iter  14700    loss: tensor([1.8472], device='cuda:0', grad_fn=<DivBackward0>)
Iter  14800    loss: tensor([2.0958], device='cuda:0', grad_fn=<DivBackward0>)
Iter  14900    loss: tensor([2.0513], device='cuda:0', grad_fn=<DivBackward0>)
Iter  15000    loss: tensor([1.7098], device='cuda:0', grad_fn=<DivBackward0>)
Iter  15100    loss: tensor([2.0892], device='cuda:0', grad_fn=<DivBackward0>)
Iter  15200    loss: tensor([1.4992], device='cuda:0', grad_fn=<DivBackward0>)
Iter  15300    loss: tensor([3.1684], device='cuda:0', grad_fn=<DivBackward0>)
Iter  15400    loss: tensor([1.7550], device='cuda:0', grad_fn=<DivBackward0>)
Time use: 11330.944768000001
**********Testing...
The confusion matrix is saved in checkpoint/Con_Matrix.txt
Max accuracy's model is saved in  checkpoint/epoch_max_accuracy.pkl
The confusion matrix is saved in checkpoint/Con_Matrix.txt
Acc: 0.9549401116957279 ( 212711 / 222748 )    Max acc so far: 0.9549401116957279

----------- Epoch: 7 / 100  -----------
Iter  0    loss: tensor([10.7651], device='cuda:0', grad_fn=<AddBackward0>)
Iter  100    loss: tensor([1.7733], device='cuda:0', grad_fn=<DivBackward0>)
Iter  200    loss: tensor([2.1063], device='cuda:0', grad_fn=<DivBackward0>)
Iter  300    loss: tensor([1.7535], device='cuda:0', grad_fn=<DivBackward0>)
Iter  400    loss: tensor([1.7917], device='cuda:0', grad_fn=<DivBackward0>)
Iter  500    loss: tensor([1.5803], device='cuda:0', grad_fn=<DivBackward0>)
Iter  600    loss: tensor([1.9327], device='cuda:0', grad_fn=<DivBackward0>)
Iter  700    loss: tensor([1.3191], device='cuda:0', grad_fn=<DivBackward0>)
Iter  800    loss: tensor([1.8001], device='cuda:0', grad_fn=<DivBackward0>)
Iter  900    loss: tensor([1.2855], device='cuda:0', grad_fn=<DivBackward0>)
Iter  1000    loss: tensor([1.4044], device='cuda:0', grad_fn=<DivBackward0>)
Iter  1100    loss: tensor([1.8087], device='cuda:0', grad_fn=<DivBackward0>)
Iter  1200    loss: tensor([1.5351], device='cuda:0', grad_fn=<DivBackward0>)
Iter  1300    loss: tensor([1.3236], device='cuda:0', grad_fn=<DivBackward0>)
Iter  1400    loss: tensor([1.7191], device='cuda:0', grad_fn=<DivBackward0>)
Iter  1500    loss: tensor([1.6446], device='cuda:0', grad_fn=<DivBackward0>)
Iter  1600    loss: tensor([2.1311], device='cuda:0', grad_fn=<DivBackward0>)
Iter  1700    loss: tensor([1.6881], device='cuda:0', grad_fn=<DivBackward0>)
Iter  1800    loss: tensor([1.9443], device='cuda:0', grad_fn=<DivBackward0>)
Iter  1900    loss: tensor([1.7866], device='cuda:0', grad_fn=<DivBackward0>)
Iter  2000    loss: tensor([1.7220], device='cuda:0', grad_fn=<DivBackward0>)
Iter  2100    loss: tensor([1.9149], device='cuda:0', grad_fn=<DivBackward0>)
Iter  2200    loss: tensor([1.5223], device='cuda:0', grad_fn=<DivBackward0>)
Iter  2300    loss: tensor([1.7502], device='cuda:0', grad_fn=<DivBackward0>)
Iter  2400    loss: tensor([1.8275], device='cuda:0', grad_fn=<DivBackward0>)
Iter  2500    loss: tensor([1.8548], device='cuda:0', grad_fn=<DivBackward0>)
Iter  2600    loss: tensor([1.5638], device='cuda:0', grad_fn=<DivBackward0>)
Iter  2700    loss: tensor([1.3929], device='cuda:0', grad_fn=<DivBackward0>)
Iter  2800    loss: tensor([1.4581], device='cuda:0', grad_fn=<DivBackward0>)
Iter  2900    loss: tensor([1.5546], device='cuda:0', grad_fn=<DivBackward0>)
Iter  3000    loss: tensor([1.4372], device='cuda:0', grad_fn=<DivBackward0>)
Iter  3100    loss: tensor([1.6581], device='cuda:0', grad_fn=<DivBackward0>)
Iter  3200    loss: tensor([1.9685], device='cuda:0', grad_fn=<DivBackward0>)
Iter  3300    loss: tensor([1.5876], device='cuda:0', grad_fn=<DivBackward0>)
Iter  3400    loss: tensor([1.4276], device='cuda:0', grad_fn=<DivBackward0>)
Iter  3500    loss: tensor([1.2776], device='cuda:0', grad_fn=<DivBackward0>)
Iter  3600    loss: tensor([1.5398], device='cuda:0', grad_fn=<DivBackward0>)
Iter  3700    loss: tensor([1.7213], device='cuda:0', grad_fn=<DivBackward0>)
Iter  3800    loss: tensor([1.4881], device='cuda:0', grad_fn=<DivBackward0>)
Iter  3900    loss: tensor([1.9635], device='cuda:0', grad_fn=<DivBackward0>)
Iter  4000    loss: tensor([1.2015], device='cuda:0', grad_fn=<DivBackward0>)
Iter  4100    loss: tensor([2.0475], device='cuda:0', grad_fn=<DivBackward0>)
Iter  4200    loss: tensor([2.1281], device='cuda:0', grad_fn=<DivBackward0>)
Iter  4300    loss: tensor([1.5973], device='cuda:0', grad_fn=<DivBackward0>)
Iter  4400    loss: tensor([1.0500], device='cuda:0', grad_fn=<DivBackward0>)
Iter  4500    loss: tensor([1.4010], device='cuda:0', grad_fn=<DivBackward0>)
Iter  4600    loss: tensor([2.2719], device='cuda:0', grad_fn=<DivBackward0>)
Iter  4700    loss: tensor([1.4845], device='cuda:0', grad_fn=<DivBackward0>)
Iter  4800    loss: tensor([1.3109], device='cuda:0', grad_fn=<DivBackward0>)
Iter  4900    loss: tensor([1.6887], device='cuda:0', grad_fn=<DivBackward0>)
Iter  5000    loss: tensor([1.4031], device='cuda:0', grad_fn=<DivBackward0>)
Iter  5100    loss: tensor([1.0661], device='cuda:0', grad_fn=<DivBackward0>)
Iter  5200    loss: tensor([1.5848], device='cuda:0', grad_fn=<DivBackward0>)
Iter  5300    loss: tensor([1.3043], device='cuda:0', grad_fn=<DivBackward0>)
Iter  5400    loss: tensor([1.3974], device='cuda:0', grad_fn=<DivBackward0>)
Iter  5500    loss: tensor([1.6045], device='cuda:0', grad_fn=<DivBackward0>)
Iter  5600    loss: tensor([1.5485], device='cuda:0', grad_fn=<DivBackward0>)
Iter  5700    loss: tensor([1.6153], device='cuda:0', grad_fn=<DivBackward0>)
Iter  5800    loss: tensor([1.2888], device='cuda:0', grad_fn=<DivBackward0>)
Iter  5900    loss: tensor([1.8905], device='cuda:0', grad_fn=<DivBackward0>)
Iter  6000    loss: tensor([1.4180], device='cuda:0', grad_fn=<DivBackward0>)
Iter  6100    loss: tensor([1.1320], device='cuda:0', grad_fn=<DivBackward0>)
Iter  6200    loss: tensor([1.3062], device='cuda:0', grad_fn=<DivBackward0>)
Iter  6300    loss: tensor([1.2682], device='cuda:0', grad_fn=<DivBackward0>)
Iter  6400    loss: tensor([1.6638], device='cuda:0', grad_fn=<DivBackward0>)
Iter  6500    loss: tensor([1.3511], device='cuda:0', grad_fn=<DivBackward0>)
Iter  6600    loss: tensor([1.3405], device='cuda:0', grad_fn=<DivBackward0>)
Iter  6700    loss: tensor([1.4664], device='cuda:0', grad_fn=<DivBackward0>)
Iter  6800    loss: tensor([1.4795], device='cuda:0', grad_fn=<DivBackward0>)
Iter  6900    loss: tensor([1.6161], device='cuda:0', grad_fn=<DivBackward0>)
Iter  7000    loss: tensor([1.3720], device='cuda:0', grad_fn=<DivBackward0>)
Iter  7100    loss: tensor([1.4923], device='cuda:0', grad_fn=<DivBackward0>)
Iter  7200    loss: tensor([1.4622], device='cuda:0', grad_fn=<DivBackward0>)
Iter  7300    loss: tensor([1.6640], device='cuda:0', grad_fn=<DivBackward0>)
Iter  7400    loss: tensor([1.3961], device='cuda:0', grad_fn=<DivBackward0>)
Iter  7500    loss: tensor([1.5447], device='cuda:0', grad_fn=<DivBackward0>)
Iter  7600    loss: tensor([1.6729], device='cuda:0', grad_fn=<DivBackward0>)
Iter  7700    loss: tensor([1.2603], device='cuda:0', grad_fn=<DivBackward0>)
Iter  7800    loss: tensor([1.5543], device='cuda:0', grad_fn=<DivBackward0>)
Iter  7900    loss: tensor([1.4325], device='cuda:0', grad_fn=<DivBackward0>)
Iter  8000    loss: tensor([1.6205], device='cuda:0', grad_fn=<DivBackward0>)
Iter  8100    loss: tensor([1.8371], device='cuda:0', grad_fn=<DivBackward0>)
Iter  8200    loss: tensor([1.6898], device='cuda:0', grad_fn=<DivBackward0>)
Iter  8300    loss: tensor([1.8612], device='cuda:0', grad_fn=<DivBackward0>)
Iter  8400    loss: tensor([1.6154], device='cuda:0', grad_fn=<DivBackward0>)
Iter  8500    loss: tensor([1.5793], device='cuda:0', grad_fn=<DivBackward0>)
Iter  8600    loss: tensor([1.2297], device='cuda:0', grad_fn=<DivBackward0>)
Iter  8700    loss: tensor([1.1315], device='cuda:0', grad_fn=<DivBackward0>)
Iter  8800    loss: tensor([1.4162], device='cuda:0', grad_fn=<DivBackward0>)
Iter  8900    loss: tensor([1.1364], device='cuda:0', grad_fn=<DivBackward0>)
Iter  9000    loss: tensor([1.1629], device='cuda:0', grad_fn=<DivBackward0>)
Iter  9100    loss: tensor([1.4689], device='cuda:0', grad_fn=<DivBackward0>)
Iter  9200    loss: tensor([1.7217], device='cuda:0', grad_fn=<DivBackward0>)
Iter  9300    loss: tensor([1.0507], device='cuda:0', grad_fn=<DivBackward0>)
Iter  9400    loss: tensor([1.2281], device='cuda:0', grad_fn=<DivBackward0>)
Iter  9500    loss: tensor([1.1707], device='cuda:0', grad_fn=<DivBackward0>)
Iter  9600    loss: tensor([1.5326], device='cuda:0', grad_fn=<DivBackward0>)
Iter  9700    loss: tensor([1.1956], device='cuda:0', grad_fn=<DivBackward0>)
Iter  9800    loss: tensor([1.4175], device='cuda:0', grad_fn=<DivBackward0>)
Iter  9900    loss: tensor([1.5372], device='cuda:0', grad_fn=<DivBackward0>)
Iter  10000    loss: tensor([1.3373], device='cuda:0', grad_fn=<DivBackward0>)
Iter  10100    loss: tensor([1.6282], device='cuda:0', grad_fn=<DivBackward0>)
Iter  10200    loss: tensor([1.4263], device='cuda:0', grad_fn=<DivBackward0>)
Iter  10300    loss: tensor([2.0453], device='cuda:0', grad_fn=<DivBackward0>)
Iter  10400    loss: tensor([1.4367], device='cuda:0', grad_fn=<DivBackward0>)
Iter  10500    loss: tensor([1.5844], device='cuda:0', grad_fn=<DivBackward0>)
Iter  10600    loss: tensor([1.4264], device='cuda:0', grad_fn=<DivBackward0>)
Iter  10700    loss: tensor([1.7783], device='cuda:0', grad_fn=<DivBackward0>)
Iter  10800    loss: tensor([1.2824], device='cuda:0', grad_fn=<DivBackward0>)
Iter  10900    loss: tensor([1.4562], device='cuda:0', grad_fn=<DivBackward0>)
Iter  11000    loss: tensor([1.1492], device='cuda:0', grad_fn=<DivBackward0>)
Iter  11100    loss: tensor([1.2723], device='cuda:0', grad_fn=<DivBackward0>)
